#
# A fatal error has been detected by the Java Runtime Environment:
#
#  SIGSEGV (0xb) at pc=0x00007fd4a8719b55, pid=26246, tid=0x00007fd4a986f700
#
# JRE version: Java(TM) SE Runtime Environment (8.0_101-b13) (build 1.8.0_101-b13)
# Java VM: Java HotSpot(TM) 64-Bit Server VM (25.101-b13 mixed mode linux-amd64 compressed oops)
# Problematic frame:
# V  [libjvm.so+0xa97b55]  Unsafe_GetNativeAddress+0xa5
#
# Failed to write core dump. Core dumps have been disabled. To enable core dumping, try "ulimit -c unlimited" before starting Java again
#
# If you would like to submit a bug report, please visit:
#   http://bugreport.java.com/bugreport/crash.jsp
#

---------------  T H R E A D  ---------------

Current thread (0x00007fd4a000e000):  JavaThread "main" [_thread_in_vm, id=26248, stack(0x00007fd4a976f000,0x00007fd4a9870000)]

siginfo: si_signo: 11 (SIGSEGV), si_code: 1 (SEGV_MAPERR), si_addr: 0x000000000000007b

Registers:
RAX=0x0000000000000000, RBX=0x00007fd4a000e000, RCX=0x00007fd4a0005e30, RDX=0x00007fd4a8c3f0f0
RSP=0x00007fd4a986e7f0, RBP=0x00007fd4a986e820, RSI=0x00007fd4a986e8b8, RDI=0x00007fd4a986e7f0
R8 =0x0000000000000000, R9 =0x0000000000000004, R10=0x00007fd4910179e8, R11=0x00007fd4a8643c50
R12=0x000000000000007b, R13=0x00007fd4a8c43e80, R14=0x00007fd4a8c3f100, R15=0x00007fd4a000e000
RIP=0x00007fd4a8719b55, EFLAGS=0x0000000000010246, CSGSFS=0x0000000000000033, ERR=0x0000000000000004
  TRAPNO=0x000000000000000e

Top of Stack: (sp=0x00007fd4a986e7f0)
0x00007fd4a986e7f0:   00007fd4a000e000 00007fd4a45f0990
0x00007fd4a986e800:   00007fd4a45f0990 0000000000000000
0x00007fd4a986e810:   00007fd4a45f0990 00007fd4a986e8b8
0x00007fd4a986e820:   00007fd4a986e888 00007fd491017a14
0x00007fd4a986e830:   00007fd4a986e888 00007fd4910177a7
0x00007fd4a986e840:   00007fd491017762 00007fd4a986e848
0x00007fd4a986e850:   00007fd4a45f0990 00007fd4a986e8b8
0x00007fd4a986e860:   00007fd4a461e088 0000000000000000
0x00007fd4a986e870:   00007fd4a45f0990 0000000000000000
0x00007fd4a986e880:   00007fd4a986e8a8 00007fd4a986e908
0x00007fd4a986e890:   00007fd491007dd0 0000000000000000
0x00007fd4a986e8a0:   00007fd491011537 000000000000007b
0x00007fd4a986e8b0:   00007fd4a986e908 00000000d6e089b8
0x00007fd4a986e8c0:   00000000d6e1e1a8 00007fd4a986e8c8
0x00007fd4a986e8d0:   00007fd4a49724ff 00007fd4a986e948
0x00007fd4a986e8e0:   00007fd4a49725c0 0000000000000000
0x00007fd4a986e8f0:   00007fd4a4972568 00007fd4a986e8a8
0x00007fd4a986e900:   00007fd4a986e948 00007fd4a986e9b0
0x00007fd4a986e910:   00007fd4910007a7 000000000000007b
0x00007fd4a986e920:   0000000000000000 00000000d6e6acc8
0x00007fd4a986e930:   00000000d6e089b8 00000000d6e6a410
0x00007fd4a986e940:   00000000d6e67058 00000000d6e64ec0
0x00007fd4a986e950:   0000000000001fa0 0000000000000000
0x00007fd4a986e960:   00007fd4a000e000 00007fd4a986ea30
0x00007fd4a986e970:   00007fd4a986ebf0 00007fd4a986e9f0
0x00007fd4a986e980:   00007fd4a986e9f0 00007fd4a986ed38
0x00007fd4a986e990:   00007fd40000000a 00007fd4a4972568
0x00007fd4a986e9a0:   00007fd491012c80 00007fd4a986eb78
0x00007fd4a986e9b0:   00007fd4a986eb20 00007fd4a83116b6
0x00007fd4a986e9c0:   00007fd400000001 00007fd4a000e000
0x00007fd4a986e9d0:   00007fd4a986eb70 00007fd4a986ed30
0x00007fd4a986e9e0:   00007fd491012c80 00007fd40000000a 

Instructions: (pc=0x00007fd4a8719b55)
0x00007fd4a8719b35:   00 00 00 30 74 08 48 89 df e8 ed 83 fd ff 48 8d
0x00007fd4a8719b45:   7d d0 c7 83 70 02 00 00 06 00 00 00 48 89 5d d0
0x00007fd4a8719b55:   4d 8b 24 24 e8 12 a5 94 ff c7 83 70 02 00 00 07
0x00007fd4a8719b65:   00 00 00 41 8b 16 83 fa 01 0f 84 84 00 00 00 48 

Register to memory mapping:

RAX=0x0000000000000000 is an unknown value
RBX=0x00007fd4a000e000 is a thread
RCX=0x00007fd4a0005e30 is an unknown value
RDX=0x00007fd4a8c3f0f0: <offset 0xfbd0f0> in /usr/lib/jvm/java-8-oracle/jre/lib/amd64/server/libjvm.so at 0x00007fd4a7c82000
RSP=0x00007fd4a986e7f0 is pointing into the stack for thread: 0x00007fd4a000e000
RBP=0x00007fd4a986e820 is pointing into the stack for thread: 0x00007fd4a000e000
RSI=0x00007fd4a986e8b8 is pointing into the stack for thread: 0x00007fd4a000e000
RDI=0x00007fd4a986e7f0 is pointing into the stack for thread: 0x00007fd4a000e000
R8 =0x0000000000000000 is an unknown value
R9 =0x0000000000000004 is an unknown value
R10=0x00007fd4910179e8 is at code_begin+808 in an Interpreter codelet
method entry point (kind = native)  [0x00007fd4910176c0, 0x00007fd491017fc0]  2304 bytes
R11=0x00007fd4a8643c50: <offset 0x9c1c50> in /usr/lib/jvm/java-8-oracle/jre/lib/amd64/server/libjvm.so at 0x00007fd4a7c82000
R12=0x000000000000007b is an unknown value
R13=0x00007fd4a8c43e80: <offset 0xfc1e80> in /usr/lib/jvm/java-8-oracle/jre/lib/amd64/server/libjvm.so at 0x00007fd4a7c82000
R14=0x00007fd4a8c3f100: <offset 0xfbd100> in /usr/lib/jvm/java-8-oracle/jre/lib/amd64/server/libjvm.so at 0x00007fd4a7c82000
R15=0x00007fd4a000e000 is a thread


Stack: [0x00007fd4a976f000,0x00007fd4a9870000],  sp=0x00007fd4a986e7f0,  free space=1021k
Native frames: (J=compiled Java code, j=interpreted, Vv=VM code, C=native code)
V  [libjvm.so+0xa97b55]  Unsafe_GetNativeAddress+0xa5
j  sun.misc.Unsafe.getAddress(J)J+0
j  com.gs.ds.tree.Main.main([Ljava/lang/String;)V+63
v  ~StubRoutines::call_stub
V  [libjvm.so+0x68f6b6]  JavaCalls::call_helper(JavaValue*, methodHandle*, JavaCallArguments*, Thread*)+0x1056
V  [libjvm.so+0x6d0d42]  jni_invoke_static(JNIEnv_*, JavaValue*, _jobject*, JNICallType, _jmethodID*, JNI_ArgumentPusher*, Thread*)+0x362
V  [libjvm.so+0x6ed5aa]  jni_CallStaticVoidMethod+0x17a
C  [libjli.so+0x7bdf]  JavaMain+0x81f
C  [libpthread.so.0+0x8184]  start_thread+0xc4

Java frames: (J=compiled Java code, j=interpreted, Vv=VM code)
j  sun.misc.Unsafe.getAddress(J)J+0
j  com.gs.ds.tree.Main.main([Ljava/lang/String;)V+63
v  ~StubRoutines::call_stub

---------------  P R O C E S S  ---------------

Java Threads: ( => current thread )
  0x00007fd4a00c4000 JavaThread "Service Thread" daemon [_thread_blocked, id=26264, stack(0x00007fd47761b000,0x00007fd47771c000)]
  0x00007fd4a00c1000 JavaThread "C1 CompilerThread2" daemon [_thread_blocked, id=26263, stack(0x00007fd47771c000,0x00007fd47781d000)]
  0x00007fd4a00bf800 JavaThread "C2 CompilerThread1" daemon [_thread_blocked, id=26262, stack(0x00007fd47781d000,0x00007fd47791e000)]
  0x00007fd4a00bc800 JavaThread "C2 CompilerThread0" daemon [_thread_blocked, id=26261, stack(0x00007fd48c03e000,0x00007fd48c13f000)]
  0x00007fd4a00bb000 JavaThread "Signal Dispatcher" daemon [_thread_blocked, id=26260, stack(0x00007fd48c13f000,0x00007fd48c240000)]
  0x00007fd4a0088000 JavaThread "Finalizer" daemon [_thread_blocked, id=26259, stack(0x00007fd48c240000,0x00007fd48c341000)]
  0x00007fd4a0083800 JavaThread "Reference Handler" daemon [_thread_blocked, id=26258, stack(0x00007fd48c341000,0x00007fd48c442000)]
=>0x00007fd4a000e000 JavaThread "main" [_thread_in_vm, id=26248, stack(0x00007fd4a976f000,0x00007fd4a9870000)]

Other Threads:
  0x00007fd4a007c000 VMThread [stack: 0x00007fd48c442000,0x00007fd48c543000] [id=26257]
  0x00007fd4a00c7000 WatcherThread [stack: 0x00007fd47751a000,0x00007fd47761b000] [id=26265]

VM state:not at safepoint (normal execution)

VM Mutex/Monitor currently owned by a thread: None

Heap:
 PSYoungGen      total 36864K, used 634K [0x00000000d6e00000, 0x00000000d9700000, 0x0000000100000000)
  eden space 31744K, 2% used [0x00000000d6e00000,0x00000000d6e9eb90,0x00000000d8d00000)
  from space 5120K, 0% used [0x00000000d9200000,0x00000000d9200000,0x00000000d9700000)
  to   space 5120K, 0% used [0x00000000d8d00000,0x00000000d8d00000,0x00000000d9200000)
 ParOldGen       total 84992K, used 0K [0x0000000084a00000, 0x0000000089d00000, 0x00000000d6e00000)
  object space 84992K, 0% used [0x0000000084a00000,0x0000000084a00000,0x0000000089d00000)
 Metaspace       used 2517K, capacity 4492K, committed 4864K, reserved 1056768K
  class space    used 276K, capacity 388K, committed 512K, reserved 1048576K

Card table byte_map: [0x00007fd4a57e3000,0x00007fd4a5bbf000] byte_map_base: 0x00007fd4a53be000

Marking Bits: (ParMarkBitMap*) 0x00007fd4a8c43120
 Begin Bits: [0x00007fd48d250000, 0x00007fd48f128000)
 End Bits:   [0x00007fd48f128000, 0x00007fd491000000)

Polling page: 0x00007fd4a988c000

CodeCache: size=245760Kb used=1070Kb max_used=1070Kb free=244689Kb
 bounds [0x00007fd491000000, 0x00007fd491270000, 0x00007fd4a0000000]
 total_blobs=237 nmethods=9 adapters=143
 compilation: enabled

Compilation events (10 events):
Event: 0.194 Thread 0x00007fd4a00c1000    3       3       java.lang.Math::min (11 bytes)
Event: 0.195 Thread 0x00007fd4a00c1000 nmethod 3 0x00007fd491109610 code [0x00007fd491109780, 0x00007fd491109910]
Event: 0.207 Thread 0x00007fd4a00c1000    9       3       java.lang.String::indexOf (70 bytes)
Event: 0.208 Thread 0x00007fd4a00c1000 nmethod 9 0x00007fd49110a990 code [0x00007fd49110ab20, 0x00007fd49110aea8]
Event: 0.208 Thread 0x00007fd4a00c1000    8       3       java.lang.Object::<init> (1 bytes)
Event: 0.209 Thread 0x00007fd4a00c1000 nmethod 8 0x00007fd49110afd0 code [0x00007fd49110b140, 0x00007fd49110b290]
Event: 0.209 Thread 0x00007fd4a00c1000    6       3       java.lang.String::length (6 bytes)
Event: 0.209 Thread 0x00007fd4a00c1000 nmethod 6 0x00007fd49110b310 code [0x00007fd49110b480, 0x00007fd49110b5d0]
Event: 0.209 Thread 0x00007fd4a00c1000    7       3       java.lang.AbstractStringBuilder::ensureCapacityInternal (16 bytes)
Event: 0.209 Thread 0x00007fd4a00c1000 nmethod 7 0x00007fd49110b690 code [0x00007fd49110b800, 0x00007fd49110ba48]

GC Heap History (0 events):
No events

Deoptimization events (0 events):
No events

Internal exceptions (2 events):
Event: 0.096 Thread 0x00007fd4a000e000 Exception <a 'java/lang/NoSuchMethodError': Method sun.misc.Unsafe.defineClass(Ljava/lang/String;[BII)Ljava/lang/Class; name or signature does not match> (0x00000000d6e07cc0) thrown at [/HUDSON3/workspace/8-2-build-linux-amd64/jdk8u101/7261/hotspot/src/sh
Event: 0.096 Thread 0x00007fd4a000e000 Exception <a 'java/lang/NoSuchMethodError': Method sun.misc.Unsafe.prefetchRead(Ljava/lang/Object;J)V name or signature does not match> (0x00000000d6e07fa8) thrown at [/HUDSON3/workspace/8-2-build-linux-amd64/jdk8u101/7261/hotspot/src/share/vm/prims/jni.c

Events (10 events):
Event: 0.213 loading class sun/reflect/UnsafeQualifiedStaticObjectFieldAccessorImpl
Event: 0.214 loading class sun/reflect/UnsafeQualifiedStaticFieldAccessorImpl
Event: 0.214 loading class sun/reflect/UnsafeQualifiedStaticFieldAccessorImpl done
Event: 0.214 loading class sun/reflect/UnsafeQualifiedStaticObjectFieldAccessorImpl done
Event: 0.214 loading class java/util/HashMap$EntrySet
Event: 0.214 loading class java/util/HashMap$EntrySet done
Event: 0.215 loading class java/util/HashMap$EntryIterator
Event: 0.215 loading class java/util/HashMap$HashIterator
Event: 0.215 loading class java/util/HashMap$HashIterator done
Event: 0.215 loading class java/util/HashMap$EntryIterator done


Dynamic libraries:
00400000-00401000 r-xp 00000000 08:06 3016108                            /usr/lib/jvm/java-8-oracle/bin/java
00600000-00601000 rw-p 00000000 08:06 3016108                            /usr/lib/jvm/java-8-oracle/bin/java
01fcd000-01fee000 rw-p 00000000 00:00 0                                  [heap]
84a00000-89d00000 rw-p 00000000 00:00 0 
89d00000-d6e00000 ---p 00000000 00:00 0 
d6e00000-d9700000 rw-p 00000000 00:00 0 
d9700000-100000000 ---p 00000000 00:00 0 
100000000-100080000 rw-p 00000000 00:00 0 
100080000-140000000 ---p 00000000 00:00 0 
7fd454000000-7fd454021000 rw-p 00000000 00:00 0 
7fd454021000-7fd458000000 ---p 00000000 00:00 0 
7fd458000000-7fd458021000 rw-p 00000000 00:00 0 
7fd458021000-7fd45c000000 ---p 00000000 00:00 0 
7fd45c000000-7fd45c021000 rw-p 00000000 00:00 0 
7fd45c021000-7fd460000000 ---p 00000000 00:00 0 
7fd460000000-7fd460021000 rw-p 00000000 00:00 0 
7fd460021000-7fd464000000 ---p 00000000 00:00 0 
7fd464000000-7fd464021000 rw-p 00000000 00:00 0 
7fd464021000-7fd468000000 ---p 00000000 00:00 0 
7fd468000000-7fd46804e000 rw-p 00000000 00:00 0 
7fd46804e000-7fd46c000000 ---p 00000000 00:00 0 
7fd46c000000-7fd46c021000 rw-p 00000000 00:00 0 
7fd46c021000-7fd470000000 ---p 00000000 00:00 0 
7fd470000000-7fd470021000 rw-p 00000000 00:00 0 
7fd470021000-7fd474000000 ---p 00000000 00:00 0 
7fd477293000-7fd47751a000 rw-p 00000000 00:00 0 
7fd47751a000-7fd47751b000 ---p 00000000 00:00 0 
7fd47751b000-7fd47761b000 rw-p 00000000 00:00 0                          [stack:26265]
7fd47761b000-7fd47761e000 ---p 00000000 00:00 0 
7fd47761e000-7fd47771c000 rw-p 00000000 00:00 0                          [stack:26264]
7fd47771c000-7fd47771f000 ---p 00000000 00:00 0 
7fd47771f000-7fd47781d000 rw-p 00000000 00:00 0                          [stack:26263]
7fd47781d000-7fd477820000 ---p 00000000 00:00 0 
7fd477820000-7fd47791e000 rw-p 00000000 00:00 0                          [stack:26262]
7fd47791e000-7fd478000000 r--p 00000000 08:06 2890681                    /usr/lib/locale/locale-archive
7fd478000000-7fd478021000 rw-p 00000000 00:00 0 
7fd478021000-7fd47c000000 ---p 00000000 00:00 0 
7fd47c000000-7fd47c021000 rw-p 00000000 00:00 0 
7fd47c021000-7fd480000000 ---p 00000000 00:00 0 
7fd480000000-7fd480021000 rw-p 00000000 00:00 0 
7fd480021000-7fd484000000 ---p 00000000 00:00 0 
7fd484000000-7fd484021000 rw-p 00000000 00:00 0 
7fd484021000-7fd488000000 ---p 00000000 00:00 0 
7fd488000000-7fd488021000 rw-p 00000000 00:00 0 
7fd488021000-7fd48c000000 ---p 00000000 00:00 0 
7fd48c03e000-7fd48c041000 ---p 00000000 00:00 0 
7fd48c041000-7fd48c13f000 rw-p 00000000 00:00 0                          [stack:26261]
7fd48c13f000-7fd48c142000 ---p 00000000 00:00 0 
7fd48c142000-7fd48c240000 rw-p 00000000 00:00 0                          [stack:26260]
7fd48c240000-7fd48c243000 ---p 00000000 00:00 0 
7fd48c243000-7fd48c341000 rw-p 00000000 00:00 0                          [stack:26259]
7fd48c341000-7fd48c344000 ---p 00000000 00:00 0 
7fd48c344000-7fd48c442000 rw-p 00000000 00:00 0                          [stack:26258]
7fd48c442000-7fd48c443000 ---p 00000000 00:00 0 
7fd48c443000-7fd491000000 rw-p 00000000 00:00 0                          [stack:26257]
7fd491000000-7fd491270000 rwxp 00000000 00:00 0 
7fd491270000-7fd4a0000000 ---p 00000000 00:00 0 
7fd4a0000000-7fd4a00f4000 rw-p 00000000 00:00 0 
7fd4a00f4000-7fd4a4000000 ---p 00000000 00:00 0 
7fd4a404e000-7fd4a4323000 rw-p 00000000 00:00 0 
7fd4a4323000-7fd4a44fc000 r--s 03d29000 08:06 3016241                    /usr/lib/jvm/java-8-oracle/jre/lib/rt.jar
7fd4a44fc000-7fd4a49b2000 rw-p 00000000 00:00 0 
7fd4a49b2000-7fd4a4d72000 ---p 00000000 00:00 0 
7fd4a4d72000-7fd4a514d000 rw-p 00000000 00:00 0 
7fd4a514d000-7fd4a514e000 ---p 00000000 00:00 0 
7fd4a514e000-7fd4a524e000 rw-p 00000000 00:00 0                          [stack:26255]
7fd4a524e000-7fd4a524f000 ---p 00000000 00:00 0 
7fd4a524f000-7fd4a534f000 rw-p 00000000 00:00 0                          [stack:26254]
7fd4a534f000-7fd4a5350000 ---p 00000000 00:00 0 
7fd4a5350000-7fd4a5450000 rw-p 00000000 00:00 0                          [stack:26253]
7fd4a5450000-7fd4a5451000 ---p 00000000 00:00 0 
7fd4a5451000-7fd4a557b000 rw-p 00000000 00:00 0                          [stack:26252]
7fd4a557b000-7fd4a57e3000 ---p 00000000 00:00 0 
7fd4a57e3000-7fd4a580d000 rw-p 00000000 00:00 0 
7fd4a580d000-7fd4a5a75000 ---p 00000000 00:00 0 
7fd4a5a75000-7fd4a5a8a000 rw-p 00000000 00:00 0 
7fd4a5a8a000-7fd4a5bbe000 ---p 00000000 00:00 0 
7fd4a5bbe000-7fd4a5bc9000 rw-p 00000000 00:00 0 
7fd4a5bc9000-7fd4a5f7f000 ---p 00000000 00:00 0 
7fd4a5f7f000-7fd4a5f99000 r-xp 00000000 08:06 3151345                    /usr/lib/jvm/java-8-oracle/jre/lib/amd64/libzip.so
7fd4a5f99000-7fd4a6199000 ---p 0001a000 08:06 3151345                    /usr/lib/jvm/java-8-oracle/jre/lib/amd64/libzip.so
7fd4a6199000-7fd4a619a000 rw-p 0001a000 08:06 3151345                    /usr/lib/jvm/java-8-oracle/jre/lib/amd64/libzip.so
7fd4a619a000-7fd4a619d000 r-xp 00000000 08:06 8126582                    /opt/pbis/lib/libuuid.so.0.0.0
7fd4a619d000-7fd4a629c000 ---p 00003000 08:06 8126582                    /opt/pbis/lib/libuuid.so.0.0.0
7fd4a629c000-7fd4a629d000 rw-p 00002000 08:06 8126582                    /opt/pbis/lib/libuuid.so.0.0.0
7fd4a629d000-7fd4a6329000 r-xp 00000000 08:06 8126578                    /opt/pbis/lib/liblwbase_nothr.so.0.0.0
7fd4a6329000-7fd4a6428000 ---p 0008c000 08:06 8126578                    /opt/pbis/lib/liblwbase_nothr.so.0.0.0
7fd4a6428000-7fd4a6454000 rw-p 0008b000 08:06 8126578                    /opt/pbis/lib/liblwbase_nothr.so.0.0.0
7fd4a6454000-7fd4a6456000 rw-p 00000000 00:00 0 
7fd4a6456000-7fd4a647b000 r-xp 00000000 08:06 8126607                    /opt/pbis/lib/liblsacommon.so.0.0.0
7fd4a647b000-7fd4a657b000 ---p 00025000 08:06 8126607                    /opt/pbis/lib/liblsacommon.so.0.0.0
7fd4a657b000-7fd4a6587000 rw-p 00025000 08:06 8126607                    /opt/pbis/lib/liblsacommon.so.0.0.0
7fd4a6587000-7fd4a65b0000 r-xp 00000000 08:06 8126614                    /opt/pbis/lib/liblwadvapi_nothr.so.0.0.0
7fd4a65b0000-7fd4a66b0000 ---p 00029000 08:06 8126614                    /opt/pbis/lib/liblwadvapi_nothr.so.0.0.0
7fd4a66b0000-7fd4a66b8000 rw-p 00029000 08:06 8126614                    /opt/pbis/lib/liblwadvapi_nothr.so.0.0.0
7fd4a66b8000-7fd4a66d6000 r-xp 00000000 08:06 8126574                    /opt/pbis/lib/liblwmsg_nothr.so.0.0.0
7fd4a66d6000-7fd4a67d5000 ---p 0001e000 08:06 8126574                    /opt/pbis/lib/liblwmsg_nothr.so.0.0.0
7fd4a67d5000-7fd4a67d8000 rw-p 0001d000 08:06 8126574                    /opt/pbis/lib/liblwmsg_nothr.so.0.0.0
7fd4a67d8000-7fd4a67db000 r-xp 00000000 08:06 8126549                    /opt/pbis/lib/liblsaauth.so.0.0.0
7fd4a67db000-7fd4a68da000 ---p 00003000 08:06 8126549                    /opt/pbis/lib/liblsaauth.so.0.0.0
7fd4a68da000-7fd4a68db000 rw-p 00002000 08:06 8126549                    /opt/pbis/lib/liblsaauth.so.0.0.0
7fd4a68db000-7fd4a68f7000 r-xp 00000000 08:06 8126620                    /opt/pbis/lib/liblsaclient.so.0.0.0
7fd4a68f7000-7fd4a69f7000 ---p 0001c000 08:06 8126620                    /opt/pbis/lib/liblsaclient.so.0.0.0
7fd4a69f7000-7fd4a69f8000 rw-p 0001c000 08:06 8126620                    /opt/pbis/lib/liblsaclient.so.0.0.0
7fd4a69f8000-7fd4a69fd000 r-xp 00000000 08:06 7602205                    /lib/libnss_lsass.so.2
7fd4a69fd000-7fd4a6afd000 ---p 00005000 08:06 7602205                    /lib/libnss_lsass.so.2
7fd4a6afd000-7fd4a6afe000 rw-p 00005000 08:06 7602205                    /lib/libnss_lsass.so.2
7fd4a6afe000-7fd4a6b08000 r-xp 00000000 08:06 7606671                    /lib/x86_64-linux-gnu/libnss_files-2.19.so
7fd4a6b08000-7fd4a6d07000 ---p 0000a000 08:06 7606671                    /lib/x86_64-linux-gnu/libnss_files-2.19.so
7fd4a6d07000-7fd4a6d08000 r--p 00009000 08:06 7606671                    /lib/x86_64-linux-gnu/libnss_files-2.19.so
7fd4a6d08000-7fd4a6d09000 rw-p 0000a000 08:06 7606671                    /lib/x86_64-linux-gnu/libnss_files-2.19.so
7fd4a6d09000-7fd4a6d14000 r-xp 00000000 08:06 7606320                    /lib/x86_64-linux-gnu/libnss_nis-2.19.so
7fd4a6d14000-7fd4a6f13000 ---p 0000b000 08:06 7606320                    /lib/x86_64-linux-gnu/libnss_nis-2.19.so
7fd4a6f13000-7fd4a6f14000 r--p 0000a000 08:06 7606320                    /lib/x86_64-linux-gnu/libnss_nis-2.19.so
7fd4a6f14000-7fd4a6f15000 rw-p 0000b000 08:06 7606320                    /lib/x86_64-linux-gnu/libnss_nis-2.19.so
7fd4a6f15000-7fd4a6f2c000 r-xp 00000000 08:06 7602277                    /lib/x86_64-linux-gnu/libnsl-2.19.so
7fd4a6f2c000-7fd4a712b000 ---p 00017000 08:06 7602277                    /lib/x86_64-linux-gnu/libnsl-2.19.so
7fd4a712b000-7fd4a712c000 r--p 00016000 08:06 7602277                    /lib/x86_64-linux-gnu/libnsl-2.19.so
7fd4a712c000-7fd4a712d000 rw-p 00017000 08:06 7602277                    /lib/x86_64-linux-gnu/libnsl-2.19.so
7fd4a712d000-7fd4a712f000 rw-p 00000000 00:00 0 
7fd4a712f000-7fd4a7138000 r-xp 00000000 08:06 7602276                    /lib/x86_64-linux-gnu/libnss_compat-2.19.so
7fd4a7138000-7fd4a7337000 ---p 00009000 08:06 7602276                    /lib/x86_64-linux-gnu/libnss_compat-2.19.so
7fd4a7337000-7fd4a7338000 r--p 00008000 08:06 7602276                    /lib/x86_64-linux-gnu/libnss_compat-2.19.so
7fd4a7338000-7fd4a7339000 rw-p 00009000 08:06 7602276                    /lib/x86_64-linux-gnu/libnss_compat-2.19.so
7fd4a7339000-7fd4a7363000 r-xp 00000000 08:06 3151352                    /usr/lib/jvm/java-8-oracle/jre/lib/amd64/libjava.so
7fd4a7363000-7fd4a7563000 ---p 0002a000 08:06 3151352                    /usr/lib/jvm/java-8-oracle/jre/lib/amd64/libjava.so
7fd4a7563000-7fd4a7565000 rw-p 0002a000 08:06 3151352                    /usr/lib/jvm/java-8-oracle/jre/lib/amd64/libjava.so
7fd4a7565000-7fd4a7572000 r-xp 00000000 08:06 3151346                    /usr/lib/jvm/java-8-oracle/jre/lib/amd64/libverify.so
7fd4a7572000-7fd4a7772000 ---p 0000d000 08:06 3151346                    /usr/lib/jvm/java-8-oracle/jre/lib/amd64/libverify.so
7fd4a7772000-7fd4a7774000 rw-p 0000d000 08:06 3151346                    /usr/lib/jvm/java-8-oracle/jre/lib/amd64/libverify.so
7fd4a7774000-7fd4a777b000 r-xp 00000000 08:06 7606667                    /lib/x86_64-linux-gnu/librt-2.19.so
7fd4a777b000-7fd4a797a000 ---p 00007000 08:06 7606667                    /lib/x86_64-linux-gnu/librt-2.19.so
7fd4a797a000-7fd4a797b000 r--p 00006000 08:06 7606667                    /lib/x86_64-linux-gnu/librt-2.19.so
7fd4a797b000-7fd4a797c000 rw-p 00007000 08:06 7606667                    /lib/x86_64-linux-gnu/librt-2.19.so
7fd4a797c000-7fd4a7a81000 r-xp 00000000 08:06 7602271                    /lib/x86_64-linux-gnu/libm-2.19.so
7fd4a7a81000-7fd4a7c80000 ---p 00105000 08:06 7602271                    /lib/x86_64-linux-gnu/libm-2.19.so
7fd4a7c80000-7fd4a7c81000 r--p 00104000 08:06 7602271                    /lib/x86_64-linux-gnu/libm-2.19.so
7fd4a7c81000-7fd4a7c82000 rw-p 00105000 08:06 7602271                    /lib/x86_64-linux-gnu/libm-2.19.so
7fd4a7c82000-7fd4a894d000 r-xp 00000000 08:06 3151325                    /usr/lib/jvm/java-8-oracle/jre/lib/amd64/server/libjvm.so
7fd4a894d000-7fd4a8b4c000 ---p 00ccb000 08:06 3151325                    /usr/lib/jvm/java-8-oracle/jre/lib/amd64/server/libjvm.so
7fd4a8b4c000-7fd4a8c25000 rw-p 00cca000 08:06 3151325                    /usr/lib/jvm/java-8-oracle/jre/lib/amd64/server/libjvm.so
7fd4a8c25000-7fd4a8c70000 rw-p 00000000 00:00 0 
7fd4a8c70000-7fd4a8e2a000 r-xp 00000000 08:06 7606668                    /lib/x86_64-linux-gnu/libc-2.19.so
7fd4a8e2a000-7fd4a902a000 ---p 001ba000 08:06 7606668                    /lib/x86_64-linux-gnu/libc-2.19.so
7fd4a902a000-7fd4a902e000 r--p 001ba000 08:06 7606668                    /lib/x86_64-linux-gnu/libc-2.19.so
7fd4a902e000-7fd4a9030000 rw-p 001be000 08:06 7606668                    /lib/x86_64-linux-gnu/libc-2.19.so
7fd4a9030000-7fd4a9035000 rw-p 00000000 00:00 0 
7fd4a9035000-7fd4a9038000 r-xp 00000000 08:06 7602273                    /lib/x86_64-linux-gnu/libdl-2.19.so
7fd4a9038000-7fd4a9237000 ---p 00003000 08:06 7602273                    /lib/x86_64-linux-gnu/libdl-2.19.so
7fd4a9237000-7fd4a9238000 r--p 00002000 08:06 7602273                    /lib/x86_64-linux-gnu/libdl-2.19.so
7fd4a9238000-7fd4a9239000 rw-p 00003000 08:06 7602273                    /lib/x86_64-linux-gnu/libdl-2.19.so
7fd4a9239000-7fd4a924e000 r-xp 00000000 08:06 3419043                    /usr/lib/jvm/java-8-oracle/lib/amd64/jli/libjli.so
7fd4a924e000-7fd4a944e000 ---p 00015000 08:06 3419043                    /usr/lib/jvm/java-8-oracle/lib/amd64/jli/libjli.so
7fd4a944e000-7fd4a944f000 rw-p 00015000 08:06 3419043                    /usr/lib/jvm/java-8-oracle/lib/amd64/jli/libjli.so
7fd4a944f000-7fd4a9468000 r-xp 00000000 08:06 7602278                    /lib/x86_64-linux-gnu/libpthread-2.19.so
7fd4a9468000-7fd4a9667000 ---p 00019000 08:06 7602278                    /lib/x86_64-linux-gnu/libpthread-2.19.so
7fd4a9667000-7fd4a9668000 r--p 00018000 08:06 7602278                    /lib/x86_64-linux-gnu/libpthread-2.19.so
7fd4a9668000-7fd4a9669000 rw-p 00019000 08:06 7602278                    /lib/x86_64-linux-gnu/libpthread-2.19.so
7fd4a9669000-7fd4a966d000 rw-p 00000000 00:00 0 
7fd4a966d000-7fd4a9690000 r-xp 00000000 08:06 7602279                    /lib/x86_64-linux-gnu/ld-2.19.so
7fd4a96a4000-7fd4a976f000 rw-p 00000000 00:00 0 
7fd4a976f000-7fd4a9772000 ---p 00000000 00:00 0 
7fd4a9772000-7fd4a9874000 rw-p 00000000 00:00 0                          [stack:26248]
7fd4a9880000-7fd4a9883000 rw-p 00000000 00:00 0 
7fd4a9883000-7fd4a988b000 rw-s 00000000 08:06 4593909                    /tmp/hsperfdata_govinda.verma/26246
7fd4a988b000-7fd4a988c000 rw-p 00000000 00:00 0 
7fd4a988c000-7fd4a988d000 r--p 00000000 00:00 0 
7fd4a988d000-7fd4a988f000 rw-p 00000000 00:00 0 
7fd4a988f000-7fd4a9890000 r--p 00022000 08:06 7602279                    /lib/x86_64-linux-gnu/ld-2.19.so
7fd4a9890000-7fd4a9891000 rw-p 00023000 08:06 7602279                    /lib/x86_64-linux-gnu/ld-2.19.so
7fd4a9891000-7fd4a9892000 rw-p 00000000 00:00 0 
7ffec6e3a000-7ffec6e5c000 rw-p 00000000 00:00 0                          [stack]
7ffec6feb000-7ffec6fed000 r--p 00000000 00:00 0                          [vvar]
7ffec6fed000-7ffec6fef000 r-xp 00000000 00:00 0                          [vdso]
ffffffffff600000-ffffffffff601000 r-xp 00000000 00:00 0                  [vsyscall]

VM Arguments:
jvm_args: -Dfile.encoding=UTF-8 
java_command: com.gs.ds.tree.Main
java_class_path (initial): /home/local/JASPERINDIA/govinda.verma/govind/workspace/d/bin:/home/local/JASPERINDIA/govinda.verma/govind/workspace/d/httpclient-4.5.1.jar:/home/local/JASPERINDIA/govinda.verma/govind/workspace/d/httpcore-4.4.4.jar:/home/local/JASPERINDIA/govinda.verma/govind/workspace/d/commons-logging-1.2.jar:/home/local/JASPERINDIA/govinda.verma/govind/workspace/d/gson-2.4.jar:/home/local/JASPERINDIA/govinda.verma/govind/workspace/d/esapi-2.1.0.jar:/home/local/JASPERINDIA/govinda.verma/govind/workspace/d/lib/rt.jar:/home/local/JASPERINDIA/govinda.verma/.m2/repository/javax/validation/validation-api/1.0.0.GA/validation-api-1.0.0.GA.jar:/usr/lib/jvm/java-8-oracle/jre/lib/rt.jar
Launcher Type: SUN_STANDARD

Environment Variables:
PATH=/usr/local/sbin:/usr/local/bin:/usr/sbin:/usr/bin:/sbin:/bin:/usr/games:/usr/local/games
SHELL=/bin/bash
DISPLAY=:0

Signal Handlers:
SIGSEGV: [libjvm.so+0xac4790], sa_mask[0]=11111111011111111101111111111110, sa_flags=SA_RESTART|SA_SIGINFO
SIGBUS: [libjvm.so+0xac4790], sa_mask[0]=11111111011111111101111111111110, sa_flags=SA_RESTART|SA_SIGINFO
SIGFPE: [libjvm.so+0x91f140], sa_mask[0]=11111111011111111101111111111110, sa_flags=SA_RESTART|SA_SIGINFO
SIGPIPE: [libjvm.so+0x91f140], sa_mask[0]=11111111011111111101111111111110, sa_flags=SA_RESTART|SA_SIGINFO
SIGXFSZ: [libjvm.so+0x91f140], sa_mask[0]=11111111011111111101111111111110, sa_flags=SA_RESTART|SA_SIGINFO
SIGILL: [libjvm.so+0x91f140], sa_mask[0]=11111111011111111101111111111110, sa_flags=SA_RESTART|SA_SIGINFO
SIGUSR1: SIG_DFL, sa_mask[0]=00000000000000000000000000000000, sa_flags=none
SIGUSR2: [libjvm.so+0x920770], sa_mask[0]=00100000000000000000000000000000, sa_flags=SA_RESTART|SA_SIGINFO
SIGHUP: [libjvm.so+0x921b70], sa_mask[0]=11111111011111111101111111111110, sa_flags=SA_RESTART|SA_SIGINFO
SIGINT: [libjvm.so+0x921b70], sa_mask[0]=11111111011111111101111111111110, sa_flags=SA_RESTART|SA_SIGINFO
SIGTERM: [libjvm.so+0x921b70], sa_mask[0]=11111111011111111101111111111110, sa_flags=SA_RESTART|SA_SIGINFO
SIGQUIT: [libjvm.so+0x921b70], sa_mask[0]=11111111011111111101111111111110, sa_flags=SA_RESTART|SA_SIGINFO


---------------  S Y S T E M  ---------------

OS:DISTRIB_ID=Ubuntu
DISTRIB_RELEASE=14.04
DISTRIB_CODENAME=trusty
DISTRIB_DESCRIPTION="Ubuntu 14.04.3 LTS"

uname:Linux 3.19.0-25-generic #26~14.04.1-Ubuntu SMP Fri Jul 24 21:16:20 UTC 2015 x86_64
libc:glibc 2.19 NPTL 2.19 
rlimit: STACK 8192k, CORE 0k, NPROC 31477, NOFILE 4096, AS infinity
load average:3.46 2.90 2.62

/proc/meminfo:
MemTotal:        8079648 kB
MemFree:          244336 kB
MemAvailable:    1296684 kB
Buffers:           94468 kB
Cached:          1936140 kB
SwapCached:         5024 kB
Active:          5978932 kB
Inactive:        1576652 kB
Active(anon):    5251300 kB
Inactive(anon):  1122212 kB
Active(file):     727632 kB
Inactive(file):   454440 kB
Unevictable:         128 kB
Mlocked:             128 kB
SwapTotal:      15624188 kB
SwapFree:       15509484 kB
Dirty:              3732 kB
Writeback:             0 kB
AnonPages:       5520700 kB
Mapped:           940620 kB
Shmem:            848536 kB
Slab:             124456 kB
SReclaimable:      78440 kB
SUnreclaim:        46016 kB
KernelStack:       17072 kB
PageTables:        76676 kB
NFS_Unstable:          0 kB
Bounce:                0 kB
WritebackTmp:          0 kB
CommitLimit:    19664012 kB
Committed_AS:   18885760 kB
VmallocTotal:   34359738367 kB
VmallocUsed:      360540 kB
VmallocChunk:   34359278700 kB
HardwareCorrupted:     0 kB
AnonHugePages:   2363392 kB
CmaTotal:              0 kB
CmaFree:               0 kB
HugePages_Total:       0
HugePages_Free:        0
HugePages_Rsvd:        0
HugePages_Surp:        0
Hugepagesize:       2048 kB
DirectMap4k:      237456 kB
DirectMap2M:     8054784 kB
DirectMap1G:     1048576 kB


CPU:total 4 (2 cores per cpu, 2 threads per core) family 6 model 69 stepping 1, cmov, cx8, fxsr, mmx, sse, sse2, sse3, ssse3, sse4.1, sse4.2, popcnt, avx, avx2, aes, clmul, erms, lzcnt, ht, tsc, tscinvbit, bmi1, bmi2

/proc/cpuinfo:
processor	: 0
vendor_id	: GenuineIntel
cpu family	: 6
model		: 69
model name	: Intel(R) Core(TM) i5-4310U CPU @ 2.00GHz
stepping	: 1
microcode	: 0x1c
cpu MHz		: 2682.164
cache size	: 3072 KB
physical id	: 0
siblings	: 4
core id		: 0
cpu cores	: 2
apicid		: 0
initial apicid	: 0
fpu		: yes
fpu_exception	: yes
cpuid level	: 13
wp		: yes
flags		: fpu vme de pse tsc msr pae mce cx8 apic sep mtrr pge mca cmov pat pse36 clflush dts acpi mmx fxsr sse sse2 ss ht tm pbe syscall nx pdpe1gb rdtscp lm constant_tsc arch_perfmon pebs bts rep_good nopl xtopology nonstop_tsc aperfmperf eagerfpu pni pclmulqdq dtes64 monitor ds_cpl vmx smx est tm2 ssse3 fma cx16 xtpr pdcm pcid sse4_1 sse4_2 x2apic movbe popcnt tsc_deadline_timer aes xsave avx f16c rdrand lahf_lm abm ida arat epb pln pts dtherm tpr_shadow vnmi flexpriority ept vpid fsgsbase tsc_adjust bmi1 avx2 smep bmi2 erms invpcid xsaveopt
bugs		:
bogomips	: 5187.78
clflush size	: 64
cache_alignment	: 64
address sizes	: 39 bits physical, 48 bits virtual
power management:

processor	: 1
vendor_id	: GenuineIntel
cpu family	: 6
model		: 69
model name	: Intel(R) Core(TM) i5-4310U CPU @ 2.00GHz
stepping	: 1
microcode	: 0x1c
cpu MHz		: 2659.414
cache size	: 3072 KB
physical id	: 0
siblings	: 4
core id		: 1
cpu cores	: 2
apicid		: 2
initial apicid	: 2
fpu		: yes
fpu_exception	: yes
cpuid level	: 13
wp		: yes
flags		: fpu vme de pse tsc msr pae mce cx8 apic sep mtrr pge mca cmov pat pse36 clflush dts acpi mmx fxsr sse sse2 ss ht tm pbe syscall nx pdpe1gb rdtscp lm constant_tsc arch_perfmon pebs bts rep_good nopl xtopology nonstop_tsc aperfmperf eagerfpu pni pclmulqdq dtes64 monitor ds_cpl vmx smx est tm2 ssse3 fma cx16 xtpr pdcm pcid sse4_1 sse4_2 x2apic movbe popcnt tsc_deadline_timer aes xsave avx f16c rdrand lahf_lm abm ida arat epb pln pts dtherm tpr_shadow vnmi flexpriority ept vpid fsgsbase tsc_adjust bmi1 avx2 smep bmi2 erms invpcid xsaveopt
bugs		:
bogomips	: 5187.78
clflush size	: 64
cache_alignment	: 64
address sizes	: 39 bits physical, 48 bits virtual
power management:

processor	: 2
vendor_id	: GenuineIntel
cpu family	: 6
model		: 69
model name	: Intel(R) Core(TM) i5-4310U CPU @ 2.00GHz
stepping	: 1
microcode	: 0x1c
cpu MHz		: 2663.882
cache size	: 3072 KB
physical id	: 0
siblings	: 4
core id		: 0
cpu cores	: 2
apicid		: 1
initial apicid	: 1
fpu		: yes
fpu_exception	: yes
cpuid level	: 13
wp		: yes
flags		: fpu vme de pse tsc msr pae mce cx8 apic sep mtrr pge mca cmov pat pse36 clflush dts acpi mmx fxsr sse sse2 ss ht tm pbe syscall nx pdpe1gb rdtscp lm constant_tsc arch_perfmon pebs bts rep_good nopl xtopology nonstop_tsc aperfmperf eagerfpu pni pclmulqdq dtes64 monitor ds_cpl vmx smx est tm2 ssse3 fma cx16 xtpr pdcm pcid sse4_1 sse4_2 x2apic movbe popcnt tsc_deadline_timer aes xsave avx f16c rdrand lahf_lm abm ida arat epb pln pts dtherm tpr_shadow vnmi flexpriority ept vpid fsgsbase tsc_adjust bmi1 avx2 smep bmi2 erms invpcid xsaveopt
bugs		:
bogomips	: 5187.78
clflush size	: 64
cache_alignment	: 64
address sizes	: 39 bits physical, 48 bits virtual
power management:

processor	: 3
vendor_id	: GenuineIntel
cpu family	: 6
model		: 69
model name	: Intel(R) Core(TM) i5-4310U CPU @ 2.00GHz
stepping	: 1
microcode	: 0x1c
cpu MHz		: 2663.882
cache size	: 3072 KB
physical id	: 0
siblings	: 4
core id		: 1
cpu cores	: 2
apicid		: 3
initial apicid	: 3
fpu		: yes
fpu_exception	: yes
cpuid level	: 13
wp		: yes
flags		: fpu vme de pse tsc msr pae mce cx8 apic sep mtrr pge mca cmov pat pse36 clflush dts acpi mmx fxsr sse sse2 ss ht tm pbe syscall nx pdpe1gb rdtscp lm constant_tsc arch_perfmon pebs bts rep_good nopl xtopology nonstop_tsc aperfmperf eagerfpu pni pclmulqdq dtes64 monitor ds_cpl vmx smx est tm2 ssse3 fma cx16 xtpr pdcm pcid sse4_1 sse4_2 x2apic movbe popcnt tsc_deadline_timer aes xsave avx f16c rdrand lahf_lm abm ida arat epb pln pts dtherm tpr_shadow vnmi flexpriority ept vpid fsgsbase tsc_adjust bmi1 avx2 smep bmi2 erms invpcid xsaveopt
bugs		:
bogomips	: 5187.78
clflush size	: 64
cache_alignment	: 64
address sizes	: 39 bits physical, 48 bits virtual
power management:



Memory: 4k page, physical 8079648k(244336k free), swap 15624188k(15509484k free)

vm_info: Java HotSpot(TM) 64-Bit Server VM (25.101-b13) for linux-amd64 JRE (1.8.0_101-b13), built on Jun 22 2016 02:59:44 by "java_re" with gcc 4.3.0 20080428 (Red Hat 4.3.0-8)

time: Mon Aug  8 14:30:19 2016
elapsed time: 0 seconds (0d 0h 0m 0s)

