#
# A fatal error has been detected by the Java Runtime Environment:
#
#  SIGSEGV (0xb) at pc=0x00007faaf3ad2b55, pid=26202, tid=0x00007faaf4c28700
#
# JRE version: Java(TM) SE Runtime Environment (8.0_101-b13) (build 1.8.0_101-b13)
# Java VM: Java HotSpot(TM) 64-Bit Server VM (25.101-b13 mixed mode linux-amd64 compressed oops)
# Problematic frame:
# V  [libjvm.so+0xa97b55]  Unsafe_GetNativeAddress+0xa5
#
# Failed to write core dump. Core dumps have been disabled. To enable core dumping, try "ulimit -c unlimited" before starting Java again
#
# If you would like to submit a bug report, please visit:
#   http://bugreport.java.com/bugreport/crash.jsp
#

---------------  T H R E A D  ---------------

Current thread (0x00007faaec00e000):  JavaThread "main" [_thread_in_vm, id=26203, stack(0x00007faaf4b28000,0x00007faaf4c29000)]

siginfo: si_signo: 11 (SIGSEGV), si_code: 1 (SEGV_MAPERR), si_addr: 0x000000000000007b

Registers:
RAX=0x0000000000000000, RBX=0x00007faaec00e000, RCX=0x00007faaec005e30, RDX=0x00007faaf3ff80f0
RSP=0x00007faaf4c27800, RBP=0x00007faaf4c27830, RSI=0x00007faaf4c278c8, RDI=0x00007faaf4c27800
R8 =0x0000000000000000, R9 =0x0000000000000004, R10=0x00007faadd0179e8, R11=0x00007faaf39fcc50
R12=0x000000000000007b, R13=0x00007faaf3ffce80, R14=0x00007faaf3ff8100, R15=0x00007faaec00e000
RIP=0x00007faaf3ad2b55, EFLAGS=0x0000000000010246, CSGSFS=0x0000000000000033, ERR=0x0000000000000004
  TRAPNO=0x000000000000000e

Top of Stack: (sp=0x00007faaf4c27800)
0x00007faaf4c27800:   00007faaec00e000 00007faad8ace990
0x00007faaf4c27810:   00007faad8ace990 0000000000000000
0x00007faaf4c27820:   00007faad8ace990 00007faaf4c278c8
0x00007faaf4c27830:   00007faaf4c27898 00007faadd017a14
0x00007faaf4c27840:   00007faaf4c27898 00007faadd0177a7
0x00007faaf4c27850:   00007faadd017762 00007faaf4c27858
0x00007faaf4c27860:   00007faad8ace990 00007faaf4c278c8
0x00007faaf4c27870:   00007faad8afc088 0000000000000000
0x00007faaf4c27880:   00007faad8ace990 0000000000000000
0x00007faaf4c27890:   00007faaf4c278b8 00007faaf4c27918
0x00007faaf4c278a0:   00007faadd007dd0 0000000000000000
0x00007faaf4c278b0:   00007faadd011537 000000000000007b
0x00007faaf4c278c0:   00007faaf4c27918 00000000d6e089b8
0x00007faaf4c278d0:   00000000d6e1e1a8 00007faaf4c278d8
0x00007faaf4c278e0:   00007faad8e504eb 00007faaf4c27948
0x00007faaf4c278f0:   00007faad8e505a0 0000000000000000
0x00007faaf4c27900:   00007faad8e50548 00007faaf4c278b8
0x00007faaf4c27910:   00007faaf4c27948 00007faaf4c279b0
0x00007faaf4c27920:   00007faadd0007a7 00000000d6e6acb0
0x00007faaf4c27930:   00000000d6e089b8 00000000d6e6a3f8
0x00007faaf4c27940:   00000000d6e67040 00000000d6e64ea8
0x00007faaf4c27950:   0000000000001fa0 0000000000000000
0x00007faaf4c27960:   00007faaec00e000 00007faaf4c27a30
0x00007faaf4c27970:   00007faaf4c27bf0 00007faaf4c279f0
0x00007faaf4c27980:   00007faaf4c279f0 00007faaf4c27d38
0x00007faaf4c27990:   00007faa0000000a 00007faad8e50548
0x00007faaf4c279a0:   00007faadd012c80 00007faaf4c27b78
0x00007faaf4c279b0:   00007faaf4c27b20 00007faaf36ca6b6
0x00007faaf4c279c0:   00007faa00000001 00007faaec00e000
0x00007faaf4c279d0:   00007faaf4c27b70 00007faaf4c27d30
0x00007faaf4c279e0:   00007faadd012c80 00007faa0000000a
0x00007faaf4c279f0:   00007faaec00e000 00007faaec00f780 

Instructions: (pc=0x00007faaf3ad2b55)
0x00007faaf3ad2b35:   00 00 00 30 74 08 48 89 df e8 ed 83 fd ff 48 8d
0x00007faaf3ad2b45:   7d d0 c7 83 70 02 00 00 06 00 00 00 48 89 5d d0
0x00007faaf3ad2b55:   4d 8b 24 24 e8 12 a5 94 ff c7 83 70 02 00 00 07
0x00007faaf3ad2b65:   00 00 00 41 8b 16 83 fa 01 0f 84 84 00 00 00 48 

Register to memory mapping:

RAX=0x0000000000000000 is an unknown value
RBX=0x00007faaec00e000 is a thread
RCX=0x00007faaec005e30 is an unknown value
RDX=0x00007faaf3ff80f0: <offset 0xfbd0f0> in /usr/lib/jvm/java-8-oracle/jre/lib/amd64/server/libjvm.so at 0x00007faaf303b000
RSP=0x00007faaf4c27800 is pointing into the stack for thread: 0x00007faaec00e000
RBP=0x00007faaf4c27830 is pointing into the stack for thread: 0x00007faaec00e000
RSI=0x00007faaf4c278c8 is pointing into the stack for thread: 0x00007faaec00e000
RDI=0x00007faaf4c27800 is pointing into the stack for thread: 0x00007faaec00e000
R8 =0x0000000000000000 is an unknown value
R9 =0x0000000000000004 is an unknown value
R10=0x00007faadd0179e8 is at code_begin+808 in an Interpreter codelet
method entry point (kind = native)  [0x00007faadd0176c0, 0x00007faadd017fc0]  2304 bytes
R11=0x00007faaf39fcc50: <offset 0x9c1c50> in /usr/lib/jvm/java-8-oracle/jre/lib/amd64/server/libjvm.so at 0x00007faaf303b000
R12=0x000000000000007b is an unknown value
R13=0x00007faaf3ffce80: <offset 0xfc1e80> in /usr/lib/jvm/java-8-oracle/jre/lib/amd64/server/libjvm.so at 0x00007faaf303b000
R14=0x00007faaf3ff8100: <offset 0xfbd100> in /usr/lib/jvm/java-8-oracle/jre/lib/amd64/server/libjvm.so at 0x00007faaf303b000
R15=0x00007faaec00e000 is a thread


Stack: [0x00007faaf4b28000,0x00007faaf4c29000],  sp=0x00007faaf4c27800,  free space=1022k
Native frames: (J=compiled Java code, j=interpreted, Vv=VM code, C=native code)
V  [libjvm.so+0xa97b55]  Unsafe_GetNativeAddress+0xa5
j  sun.misc.Unsafe.getAddress(J)J+0
j  com.gs.ds.tree.Main.main([Ljava/lang/String;)V+59
v  ~StubRoutines::call_stub
V  [libjvm.so+0x68f6b6]  JavaCalls::call_helper(JavaValue*, methodHandle*, JavaCallArguments*, Thread*)+0x1056
V  [libjvm.so+0x6d0d42]  jni_invoke_static(JNIEnv_*, JavaValue*, _jobject*, JNICallType, _jmethodID*, JNI_ArgumentPusher*, Thread*)+0x362
V  [libjvm.so+0x6ed5aa]  jni_CallStaticVoidMethod+0x17a
C  [libjli.so+0x7bdf]  JavaMain+0x81f
C  [libpthread.so.0+0x8184]  start_thread+0xc4

Java frames: (J=compiled Java code, j=interpreted, Vv=VM code)
j  sun.misc.Unsafe.getAddress(J)J+0
j  com.gs.ds.tree.Main.main([Ljava/lang/String;)V+59
v  ~StubRoutines::call_stub

---------------  P R O C E S S  ---------------

Java Threads: ( => current thread )
  0x00007faaec0c4000 JavaThread "Service Thread" daemon [_thread_blocked, id=26220, stack(0x00007faacaa0f000,0x00007faacab10000)]
  0x00007faaec0c1000 JavaThread "C1 CompilerThread2" daemon [_thread_blocked, id=26219, stack(0x00007faacab10000,0x00007faacac11000)]
  0x00007faaec0bf800 JavaThread "C2 CompilerThread1" daemon [_thread_blocked, id=26218, stack(0x00007faacac11000,0x00007faacad12000)]
  0x00007faaec0bc800 JavaThread "C2 CompilerThread0" daemon [_thread_blocked, id=26217, stack(0x00007faacad12000,0x00007faacae13000)]
  0x00007faaec0bb000 JavaThread "Signal Dispatcher" daemon [_thread_blocked, id=26216, stack(0x00007faacae13000,0x00007faacaf14000)]
  0x00007faaec088000 JavaThread "Finalizer" daemon [_thread_blocked, id=26215, stack(0x00007faacb5f6000,0x00007faacb6f7000)]
  0x00007faaec083800 JavaThread "Reference Handler" daemon [_thread_blocked, id=26214, stack(0x00007faacb6f7000,0x00007faacb7f8000)]
=>0x00007faaec00e000 JavaThread "main" [_thread_in_vm, id=26203, stack(0x00007faaf4b28000,0x00007faaf4c29000)]

Other Threads:
  0x00007faaec07c000 VMThread [stack: 0x00007faacb7f8000,0x00007faacb8f9000] [id=26213]
  0x00007faaec0c7000 WatcherThread [stack: 0x00007faaca90e000,0x00007faacaa0f000] [id=26221]

VM state:not at safepoint (normal execution)

VM Mutex/Monitor currently owned by a thread: None

Heap:
 PSYoungGen      total 36864K, used 634K [0x00000000d6e00000, 0x00000000d9700000, 0x0000000100000000)
  eden space 31744K, 2% used [0x00000000d6e00000,0x00000000d6e9eb90,0x00000000d8d00000)
  from space 5120K, 0% used [0x00000000d9200000,0x00000000d9200000,0x00000000d9700000)
  to   space 5120K, 0% used [0x00000000d8d00000,0x00000000d8d00000,0x00000000d9200000)
 ParOldGen       total 84992K, used 0K [0x0000000084a00000, 0x0000000089d00000, 0x00000000d6e00000)
  object space 84992K, 0% used [0x0000000084a00000,0x0000000084a00000,0x0000000089d00000)
 Metaspace       used 2518K, capacity 4492K, committed 4864K, reserved 1056768K
  class space    used 276K, capacity 388K, committed 512K, reserved 1048576K

Card table byte_map: [0x00007faaf0b9c000,0x00007faaf0f78000] byte_map_base: 0x00007faaf0777000

Marking Bits: (ParMarkBitMap*) 0x00007faaf3ffc120
 Begin Bits: [0x00007faad9250000, 0x00007faadb128000)
 End Bits:   [0x00007faadb128000, 0x00007faadd000000)

Polling page: 0x00007faaf4c45000

CodeCache: size=245760Kb used=1072Kb max_used=1072Kb free=244687Kb
 bounds [0x00007faadd000000, 0x00007faadd270000, 0x00007faaec000000]
 total_blobs=238 nmethods=10 adapters=143
 compilation: enabled

Compilation events (10 events):
Event: 0.259 Thread 0x00007faaec0c1000    6       3       java.lang.String::length (6 bytes)
Event: 0.259 Thread 0x00007faaec0c1000 nmethod 6 0x00007faadd10a190 code [0x00007faadd10a300, 0x00007faadd10a450]
Event: 0.259 Thread 0x00007faaec0c1000    7       3       java.lang.AbstractStringBuilder::ensureCapacityInternal (16 bytes)
Event: 0.260 Thread 0x00007faaec0c1000 nmethod 7 0x00007faadd10a510 code [0x00007faadd10a680, 0x00007faadd10a8c8]
Event: 0.260 Thread 0x00007faaec0c1000    8       3       java.lang.Object::<init> (1 bytes)
Event: 0.260 Thread 0x00007faaec0c1000 nmethod 8 0x00007faadd10a990 code [0x00007faadd10ab00, 0x00007faadd10ac50]
Event: 0.260 Thread 0x00007faaec0c1000    9       3       java.lang.String::indexOf (70 bytes)
Event: 0.260 Thread 0x00007faaec0c1000 nmethod 9 0x00007faadd10acd0 code [0x00007faadd10ae60, 0x00007faadd10b1e8]
Event: 0.265 Thread 0x00007faaec0c1000   10       3       java.lang.AbstractStringBuilder::append (50 bytes)
Event: 0.265 Thread 0x00007faaec0c1000 nmethod 10 0x00007faadd10bb10 code [0x00007faadd10bcc0, 0x00007faadd10c1c8]

GC Heap History (0 events):
No events

Deoptimization events (0 events):
No events

Internal exceptions (2 events):
Event: 0.137 Thread 0x00007faaec00e000 Exception <a 'java/lang/NoSuchMethodError': Method sun.misc.Unsafe.defineClass(Ljava/lang/String;[BII)Ljava/lang/Class; name or signature does not match> (0x00000000d6e07cc0) thrown at [/HUDSON3/workspace/8-2-build-linux-amd64/jdk8u101/7261/hotspot/src/sh
Event: 0.138 Thread 0x00007faaec00e000 Exception <a 'java/lang/NoSuchMethodError': Method sun.misc.Unsafe.prefetchRead(Ljava/lang/Object;J)V name or signature does not match> (0x00000000d6e07fa8) thrown at [/HUDSON3/workspace/8-2-build-linux-amd64/jdk8u101/7261/hotspot/src/share/vm/prims/jni.c

Events (10 events):
Event: 0.271 loading class sun/reflect/UnsafeQualifiedStaticObjectFieldAccessorImpl
Event: 0.271 loading class sun/reflect/UnsafeQualifiedStaticFieldAccessorImpl
Event: 0.271 loading class sun/reflect/UnsafeQualifiedStaticFieldAccessorImpl done
Event: 0.271 loading class sun/reflect/UnsafeQualifiedStaticObjectFieldAccessorImpl done
Event: 0.271 loading class java/util/HashMap$EntrySet
Event: 0.271 loading class java/util/HashMap$EntrySet done
Event: 0.271 loading class java/util/HashMap$EntryIterator
Event: 0.272 loading class java/util/HashMap$HashIterator
Event: 0.272 loading class java/util/HashMap$HashIterator done
Event: 0.272 loading class java/util/HashMap$EntryIterator done


Dynamic libraries:
00400000-00401000 r-xp 00000000 08:06 3016108                            /usr/lib/jvm/java-8-oracle/bin/java
00600000-00601000 rw-p 00000000 08:06 3016108                            /usr/lib/jvm/java-8-oracle/bin/java
00ebb000-00edc000 rw-p 00000000 00:00 0                                  [heap]
84a00000-89d00000 rw-p 00000000 00:00 0 
89d00000-d6e00000 ---p 00000000 00:00 0 
d6e00000-d9700000 rw-p 00000000 00:00 0 
d9700000-100000000 ---p 00000000 00:00 0 
100000000-100080000 rw-p 00000000 00:00 0 
100080000-140000000 ---p 00000000 00:00 0 
7faaa0000000-7faaa0021000 rw-p 00000000 00:00 0 
7faaa0021000-7faaa4000000 ---p 00000000 00:00 0 
7faaa4000000-7faaa4021000 rw-p 00000000 00:00 0 
7faaa4021000-7faaa8000000 ---p 00000000 00:00 0 
7faaa8000000-7faaa8021000 rw-p 00000000 00:00 0 
7faaa8021000-7faaac000000 ---p 00000000 00:00 0 
7faaac000000-7faaac021000 rw-p 00000000 00:00 0 
7faaac021000-7faab0000000 ---p 00000000 00:00 0 
7faab0000000-7faab0021000 rw-p 00000000 00:00 0 
7faab0021000-7faab4000000 ---p 00000000 00:00 0 
7faab4000000-7faab404e000 rw-p 00000000 00:00 0 
7faab404e000-7faab8000000 ---p 00000000 00:00 0 
7faab8000000-7faab8021000 rw-p 00000000 00:00 0 
7faab8021000-7faabc000000 ---p 00000000 00:00 0 
7faabc000000-7faabc021000 rw-p 00000000 00:00 0 
7faabc021000-7faac0000000 ---p 00000000 00:00 0 
7faac0000000-7faac0021000 rw-p 00000000 00:00 0 
7faac0021000-7faac4000000 ---p 00000000 00:00 0 
7faac4000000-7faac4021000 rw-p 00000000 00:00 0 
7faac4021000-7faac8000000 ---p 00000000 00:00 0 
7faaca687000-7faaca90e000 rw-p 00000000 00:00 0 
7faaca90e000-7faaca90f000 ---p 00000000 00:00 0 
7faaca90f000-7faacaa0f000 rw-p 00000000 00:00 0                          [stack:26221]
7faacaa0f000-7faacaa12000 ---p 00000000 00:00 0 
7faacaa12000-7faacab10000 rw-p 00000000 00:00 0                          [stack:26220]
7faacab10000-7faacab13000 ---p 00000000 00:00 0 
7faacab13000-7faacac11000 rw-p 00000000 00:00 0                          [stack:26219]
7faacac11000-7faacac14000 ---p 00000000 00:00 0 
7faacac14000-7faacad12000 rw-p 00000000 00:00 0                          [stack:26218]
7faacad12000-7faacad15000 ---p 00000000 00:00 0 
7faacad15000-7faacae13000 rw-p 00000000 00:00 0                          [stack:26217]
7faacae13000-7faacae16000 ---p 00000000 00:00 0 
7faacae16000-7faacaf14000 rw-p 00000000 00:00 0                          [stack:26216]
7faacaf14000-7faacb5f6000 r--p 00000000 08:06 2890681                    /usr/lib/locale/locale-archive
7faacb5f6000-7faacb5f9000 ---p 00000000 00:00 0 
7faacb5f9000-7faacb6f7000 rw-p 00000000 00:00 0                          [stack:26215]
7faacb6f7000-7faacb6fa000 ---p 00000000 00:00 0 
7faacb6fa000-7faacb7f8000 rw-p 00000000 00:00 0                          [stack:26214]
7faacb7f8000-7faacb7f9000 ---p 00000000 00:00 0 
7faacb7f9000-7faacc000000 rw-p 00000000 00:00 0                          [stack:26213]
7faacc000000-7faacc021000 rw-p 00000000 00:00 0 
7faacc021000-7faad0000000 ---p 00000000 00:00 0 
7faad0000000-7faad0021000 rw-p 00000000 00:00 0 
7faad0021000-7faad4000000 ---p 00000000 00:00 0 
7faad4000000-7faad4021000 rw-p 00000000 00:00 0 
7faad4021000-7faad8000000 ---p 00000000 00:00 0 
7faad804e000-7faad8877000 rw-p 00000000 00:00 0 
7faad8877000-7faad8a50000 r--s 03d29000 08:06 3016241                    /usr/lib/jvm/java-8-oracle/jre/lib/rt.jar
7faad8a50000-7faad8e90000 rw-p 00000000 00:00 0 
7faad8e90000-7faad9250000 ---p 00000000 00:00 0 
7faad9250000-7faadd000000 rw-p 00000000 00:00 0 
7faadd000000-7faadd270000 rwxp 00000000 00:00 0 
7faadd270000-7faaec000000 ---p 00000000 00:00 0 
7faaec000000-7faaec0f4000 rw-p 00000000 00:00 0 
7faaec0f4000-7faaf0000000 ---p 00000000 00:00 0 
7faaf0003000-7faaf0506000 rw-p 00000000 00:00 0 
7faaf0506000-7faaf0507000 ---p 00000000 00:00 0 
7faaf0507000-7faaf0607000 rw-p 00000000 00:00 0                          [stack:26212]
7faaf0607000-7faaf0608000 ---p 00000000 00:00 0 
7faaf0608000-7faaf0708000 rw-p 00000000 00:00 0                          [stack:26211]
7faaf0708000-7faaf0709000 ---p 00000000 00:00 0 
7faaf0709000-7faaf0809000 rw-p 00000000 00:00 0                          [stack:26210]
7faaf0809000-7faaf080a000 ---p 00000000 00:00 0 
7faaf080a000-7faaf0934000 rw-p 00000000 00:00 0                          [stack:26209]
7faaf0934000-7faaf0b9c000 ---p 00000000 00:00 0 
7faaf0b9c000-7faaf0bc6000 rw-p 00000000 00:00 0 
7faaf0bc6000-7faaf0e2e000 ---p 00000000 00:00 0 
7faaf0e2e000-7faaf0e43000 rw-p 00000000 00:00 0 
7faaf0e43000-7faaf0f77000 ---p 00000000 00:00 0 
7faaf0f77000-7faaf0f82000 rw-p 00000000 00:00 0 
7faaf0f82000-7faaf1338000 ---p 00000000 00:00 0 
7faaf1338000-7faaf1352000 r-xp 00000000 08:06 3151345                    /usr/lib/jvm/java-8-oracle/jre/lib/amd64/libzip.so
7faaf1352000-7faaf1552000 ---p 0001a000 08:06 3151345                    /usr/lib/jvm/java-8-oracle/jre/lib/amd64/libzip.so
7faaf1552000-7faaf1553000 rw-p 0001a000 08:06 3151345                    /usr/lib/jvm/java-8-oracle/jre/lib/amd64/libzip.so
7faaf1553000-7faaf1556000 r-xp 00000000 08:06 8126582                    /opt/pbis/lib/libuuid.so.0.0.0
7faaf1556000-7faaf1655000 ---p 00003000 08:06 8126582                    /opt/pbis/lib/libuuid.so.0.0.0
7faaf1655000-7faaf1656000 rw-p 00002000 08:06 8126582                    /opt/pbis/lib/libuuid.so.0.0.0
7faaf1656000-7faaf16e2000 r-xp 00000000 08:06 8126578                    /opt/pbis/lib/liblwbase_nothr.so.0.0.0
7faaf16e2000-7faaf17e1000 ---p 0008c000 08:06 8126578                    /opt/pbis/lib/liblwbase_nothr.so.0.0.0
7faaf17e1000-7faaf180d000 rw-p 0008b000 08:06 8126578                    /opt/pbis/lib/liblwbase_nothr.so.0.0.0
7faaf180d000-7faaf180f000 rw-p 00000000 00:00 0 
7faaf180f000-7faaf1834000 r-xp 00000000 08:06 8126607                    /opt/pbis/lib/liblsacommon.so.0.0.0
7faaf1834000-7faaf1934000 ---p 00025000 08:06 8126607                    /opt/pbis/lib/liblsacommon.so.0.0.0
7faaf1934000-7faaf1940000 rw-p 00025000 08:06 8126607                    /opt/pbis/lib/liblsacommon.so.0.0.0
7faaf1940000-7faaf1969000 r-xp 00000000 08:06 8126614                    /opt/pbis/lib/liblwadvapi_nothr.so.0.0.0
7faaf1969000-7faaf1a69000 ---p 00029000 08:06 8126614                    /opt/pbis/lib/liblwadvapi_nothr.so.0.0.0
7faaf1a69000-7faaf1a71000 rw-p 00029000 08:06 8126614                    /opt/pbis/lib/liblwadvapi_nothr.so.0.0.0
7faaf1a71000-7faaf1a8f000 r-xp 00000000 08:06 8126574                    /opt/pbis/lib/liblwmsg_nothr.so.0.0.0
7faaf1a8f000-7faaf1b8e000 ---p 0001e000 08:06 8126574                    /opt/pbis/lib/liblwmsg_nothr.so.0.0.0
7faaf1b8e000-7faaf1b91000 rw-p 0001d000 08:06 8126574                    /opt/pbis/lib/liblwmsg_nothr.so.0.0.0
7faaf1b91000-7faaf1b94000 r-xp 00000000 08:06 8126549                    /opt/pbis/lib/liblsaauth.so.0.0.0
7faaf1b94000-7faaf1c93000 ---p 00003000 08:06 8126549                    /opt/pbis/lib/liblsaauth.so.0.0.0
7faaf1c93000-7faaf1c94000 rw-p 00002000 08:06 8126549                    /opt/pbis/lib/liblsaauth.so.0.0.0
7faaf1c94000-7faaf1cb0000 r-xp 00000000 08:06 8126620                    /opt/pbis/lib/liblsaclient.so.0.0.0
7faaf1cb0000-7faaf1db0000 ---p 0001c000 08:06 8126620                    /opt/pbis/lib/liblsaclient.so.0.0.0
7faaf1db0000-7faaf1db1000 rw-p 0001c000 08:06 8126620                    /opt/pbis/lib/liblsaclient.so.0.0.0
7faaf1db1000-7faaf1db6000 r-xp 00000000 08:06 7602205                    /lib/libnss_lsass.so.2
7faaf1db6000-7faaf1eb6000 ---p 00005000 08:06 7602205                    /lib/libnss_lsass.so.2
7faaf1eb6000-7faaf1eb7000 rw-p 00005000 08:06 7602205                    /lib/libnss_lsass.so.2
7faaf1eb7000-7faaf1ec1000 r-xp 00000000 08:06 7606671                    /lib/x86_64-linux-gnu/libnss_files-2.19.so
7faaf1ec1000-7faaf20c0000 ---p 0000a000 08:06 7606671                    /lib/x86_64-linux-gnu/libnss_files-2.19.so
7faaf20c0000-7faaf20c1000 r--p 00009000 08:06 7606671                    /lib/x86_64-linux-gnu/libnss_files-2.19.so
7faaf20c1000-7faaf20c2000 rw-p 0000a000 08:06 7606671                    /lib/x86_64-linux-gnu/libnss_files-2.19.so
7faaf20c2000-7faaf20cd000 r-xp 00000000 08:06 7606320                    /lib/x86_64-linux-gnu/libnss_nis-2.19.so
7faaf20cd000-7faaf22cc000 ---p 0000b000 08:06 7606320                    /lib/x86_64-linux-gnu/libnss_nis-2.19.so
7faaf22cc000-7faaf22cd000 r--p 0000a000 08:06 7606320                    /lib/x86_64-linux-gnu/libnss_nis-2.19.so
7faaf22cd000-7faaf22ce000 rw-p 0000b000 08:06 7606320                    /lib/x86_64-linux-gnu/libnss_nis-2.19.so
7faaf22ce000-7faaf22e5000 r-xp 00000000 08:06 7602277                    /lib/x86_64-linux-gnu/libnsl-2.19.so
7faaf22e5000-7faaf24e4000 ---p 00017000 08:06 7602277                    /lib/x86_64-linux-gnu/libnsl-2.19.so
7faaf24e4000-7faaf24e5000 r--p 00016000 08:06 7602277                    /lib/x86_64-linux-gnu/libnsl-2.19.so
7faaf24e5000-7faaf24e6000 rw-p 00017000 08:06 7602277                    /lib/x86_64-linux-gnu/libnsl-2.19.so
7faaf24e6000-7faaf24e8000 rw-p 00000000 00:00 0 
7faaf24e8000-7faaf24f1000 r-xp 00000000 08:06 7602276                    /lib/x86_64-linux-gnu/libnss_compat-2.19.so
7faaf24f1000-7faaf26f0000 ---p 00009000 08:06 7602276                    /lib/x86_64-linux-gnu/libnss_compat-2.19.so
7faaf26f0000-7faaf26f1000 r--p 00008000 08:06 7602276                    /lib/x86_64-linux-gnu/libnss_compat-2.19.so
7faaf26f1000-7faaf26f2000 rw-p 00009000 08:06 7602276                    /lib/x86_64-linux-gnu/libnss_compat-2.19.so
7faaf26f2000-7faaf271c000 r-xp 00000000 08:06 3151352                    /usr/lib/jvm/java-8-oracle/jre/lib/amd64/libjava.so
7faaf271c000-7faaf291c000 ---p 0002a000 08:06 3151352                    /usr/lib/jvm/java-8-oracle/jre/lib/amd64/libjava.so
7faaf291c000-7faaf291e000 rw-p 0002a000 08:06 3151352                    /usr/lib/jvm/java-8-oracle/jre/lib/amd64/libjava.so
7faaf291e000-7faaf292b000 r-xp 00000000 08:06 3151346                    /usr/lib/jvm/java-8-oracle/jre/lib/amd64/libverify.so
7faaf292b000-7faaf2b2b000 ---p 0000d000 08:06 3151346                    /usr/lib/jvm/java-8-oracle/jre/lib/amd64/libverify.so
7faaf2b2b000-7faaf2b2d000 rw-p 0000d000 08:06 3151346                    /usr/lib/jvm/java-8-oracle/jre/lib/amd64/libverify.so
7faaf2b2d000-7faaf2b34000 r-xp 00000000 08:06 7606667                    /lib/x86_64-linux-gnu/librt-2.19.so
7faaf2b34000-7faaf2d33000 ---p 00007000 08:06 7606667                    /lib/x86_64-linux-gnu/librt-2.19.so
7faaf2d33000-7faaf2d34000 r--p 00006000 08:06 7606667                    /lib/x86_64-linux-gnu/librt-2.19.so
7faaf2d34000-7faaf2d35000 rw-p 00007000 08:06 7606667                    /lib/x86_64-linux-gnu/librt-2.19.so
7faaf2d35000-7faaf2e3a000 r-xp 00000000 08:06 7602271                    /lib/x86_64-linux-gnu/libm-2.19.so
7faaf2e3a000-7faaf3039000 ---p 00105000 08:06 7602271                    /lib/x86_64-linux-gnu/libm-2.19.so
7faaf3039000-7faaf303a000 r--p 00104000 08:06 7602271                    /lib/x86_64-linux-gnu/libm-2.19.so
7faaf303a000-7faaf303b000 rw-p 00105000 08:06 7602271                    /lib/x86_64-linux-gnu/libm-2.19.so
7faaf303b000-7faaf3d06000 r-xp 00000000 08:06 3151325                    /usr/lib/jvm/java-8-oracle/jre/lib/amd64/server/libjvm.so
7faaf3d06000-7faaf3f05000 ---p 00ccb000 08:06 3151325                    /usr/lib/jvm/java-8-oracle/jre/lib/amd64/server/libjvm.so
7faaf3f05000-7faaf3fde000 rw-p 00cca000 08:06 3151325                    /usr/lib/jvm/java-8-oracle/jre/lib/amd64/server/libjvm.so
7faaf3fde000-7faaf4029000 rw-p 00000000 00:00 0 
7faaf4029000-7faaf41e3000 r-xp 00000000 08:06 7606668                    /lib/x86_64-linux-gnu/libc-2.19.so
7faaf41e3000-7faaf43e3000 ---p 001ba000 08:06 7606668                    /lib/x86_64-linux-gnu/libc-2.19.so
7faaf43e3000-7faaf43e7000 r--p 001ba000 08:06 7606668                    /lib/x86_64-linux-gnu/libc-2.19.so
7faaf43e7000-7faaf43e9000 rw-p 001be000 08:06 7606668                    /lib/x86_64-linux-gnu/libc-2.19.so
7faaf43e9000-7faaf43ee000 rw-p 00000000 00:00 0 
7faaf43ee000-7faaf43f1000 r-xp 00000000 08:06 7602273                    /lib/x86_64-linux-gnu/libdl-2.19.so
7faaf43f1000-7faaf45f0000 ---p 00003000 08:06 7602273                    /lib/x86_64-linux-gnu/libdl-2.19.so
7faaf45f0000-7faaf45f1000 r--p 00002000 08:06 7602273                    /lib/x86_64-linux-gnu/libdl-2.19.so
7faaf45f1000-7faaf45f2000 rw-p 00003000 08:06 7602273                    /lib/x86_64-linux-gnu/libdl-2.19.so
7faaf45f2000-7faaf4607000 r-xp 00000000 08:06 3419043                    /usr/lib/jvm/java-8-oracle/lib/amd64/jli/libjli.so
7faaf4607000-7faaf4807000 ---p 00015000 08:06 3419043                    /usr/lib/jvm/java-8-oracle/lib/amd64/jli/libjli.so
7faaf4807000-7faaf4808000 rw-p 00015000 08:06 3419043                    /usr/lib/jvm/java-8-oracle/lib/amd64/jli/libjli.so
7faaf4808000-7faaf4821000 r-xp 00000000 08:06 7602278                    /lib/x86_64-linux-gnu/libpthread-2.19.so
7faaf4821000-7faaf4a20000 ---p 00019000 08:06 7602278                    /lib/x86_64-linux-gnu/libpthread-2.19.so
7faaf4a20000-7faaf4a21000 r--p 00018000 08:06 7602278                    /lib/x86_64-linux-gnu/libpthread-2.19.so
7faaf4a21000-7faaf4a22000 rw-p 00019000 08:06 7602278                    /lib/x86_64-linux-gnu/libpthread-2.19.so
7faaf4a22000-7faaf4a26000 rw-p 00000000 00:00 0 
7faaf4a26000-7faaf4a49000 r-xp 00000000 08:06 7602279                    /lib/x86_64-linux-gnu/ld-2.19.so
7faaf4a5d000-7faaf4b28000 rw-p 00000000 00:00 0 
7faaf4b28000-7faaf4b2b000 ---p 00000000 00:00 0 
7faaf4b2b000-7faaf4c2d000 rw-p 00000000 00:00 0                          [stack:26203]
7faaf4c39000-7faaf4c3c000 rw-p 00000000 00:00 0 
7faaf4c3c000-7faaf4c44000 rw-s 00000000 08:06 4593909                    /tmp/hsperfdata_govinda.verma/26202
7faaf4c44000-7faaf4c45000 rw-p 00000000 00:00 0 
7faaf4c45000-7faaf4c46000 r--p 00000000 00:00 0 
7faaf4c46000-7faaf4c48000 rw-p 00000000 00:00 0 
7faaf4c48000-7faaf4c49000 r--p 00022000 08:06 7602279                    /lib/x86_64-linux-gnu/ld-2.19.so
7faaf4c49000-7faaf4c4a000 rw-p 00023000 08:06 7602279                    /lib/x86_64-linux-gnu/ld-2.19.so
7faaf4c4a000-7faaf4c4b000 rw-p 00000000 00:00 0 
7ffd649e6000-7ffd64a08000 rw-p 00000000 00:00 0                          [stack]
7ffd64ba7000-7ffd64ba9000 r--p 00000000 00:00 0                          [vvar]
7ffd64ba9000-7ffd64bab000 r-xp 00000000 00:00 0                          [vdso]
ffffffffff600000-ffffffffff601000 r-xp 00000000 00:00 0                  [vsyscall]

VM Arguments:
jvm_args: -Dfile.encoding=UTF-8 
java_command: com.gs.ds.tree.Main
java_class_path (initial): /home/local/JASPERINDIA/govinda.verma/govind/workspace/d/bin:/home/local/JASPERINDIA/govinda.verma/govind/workspace/d/httpclient-4.5.1.jar:/home/local/JASPERINDIA/govinda.verma/govind/workspace/d/httpcore-4.4.4.jar:/home/local/JASPERINDIA/govinda.verma/govind/workspace/d/commons-logging-1.2.jar:/home/local/JASPERINDIA/govinda.verma/govind/workspace/d/gson-2.4.jar:/home/local/JASPERINDIA/govinda.verma/govind/workspace/d/esapi-2.1.0.jar:/home/local/JASPERINDIA/govinda.verma/govind/workspace/d/lib/rt.jar:/home/local/JASPERINDIA/govinda.verma/.m2/repository/javax/validation/validation-api/1.0.0.GA/validation-api-1.0.0.GA.jar:/usr/lib/jvm/java-8-oracle/jre/lib/rt.jar
Launcher Type: SUN_STANDARD

Environment Variables:
PATH=/usr/local/sbin:/usr/local/bin:/usr/sbin:/usr/bin:/sbin:/bin:/usr/games:/usr/local/games
SHELL=/bin/bash
DISPLAY=:0

Signal Handlers:
SIGSEGV: [libjvm.so+0xac4790], sa_mask[0]=11111111011111111101111111111110, sa_flags=SA_RESTART|SA_SIGINFO
SIGBUS: [libjvm.so+0xac4790], sa_mask[0]=11111111011111111101111111111110, sa_flags=SA_RESTART|SA_SIGINFO
SIGFPE: [libjvm.so+0x91f140], sa_mask[0]=11111111011111111101111111111110, sa_flags=SA_RESTART|SA_SIGINFO
SIGPIPE: [libjvm.so+0x91f140], sa_mask[0]=11111111011111111101111111111110, sa_flags=SA_RESTART|SA_SIGINFO
SIGXFSZ: [libjvm.so+0x91f140], sa_mask[0]=11111111011111111101111111111110, sa_flags=SA_RESTART|SA_SIGINFO
SIGILL: [libjvm.so+0x91f140], sa_mask[0]=11111111011111111101111111111110, sa_flags=SA_RESTART|SA_SIGINFO
SIGUSR1: SIG_DFL, sa_mask[0]=00000000000000000000000000000000, sa_flags=none
SIGUSR2: [libjvm.so+0x920770], sa_mask[0]=00100000000000000000000000000000, sa_flags=SA_RESTART|SA_SIGINFO
SIGHUP: [libjvm.so+0x921b70], sa_mask[0]=11111111011111111101111111111110, sa_flags=SA_RESTART|SA_SIGINFO
SIGINT: [libjvm.so+0x921b70], sa_mask[0]=11111111011111111101111111111110, sa_flags=SA_RESTART|SA_SIGINFO
SIGTERM: [libjvm.so+0x921b70], sa_mask[0]=11111111011111111101111111111110, sa_flags=SA_RESTART|SA_SIGINFO
SIGQUIT: [libjvm.so+0x921b70], sa_mask[0]=11111111011111111101111111111110, sa_flags=SA_RESTART|SA_SIGINFO


---------------  S Y S T E M  ---------------

OS:DISTRIB_ID=Ubuntu
DISTRIB_RELEASE=14.04
DISTRIB_CODENAME=trusty
DISTRIB_DESCRIPTION="Ubuntu 14.04.3 LTS"

uname:Linux 3.19.0-25-generic #26~14.04.1-Ubuntu SMP Fri Jul 24 21:16:20 UTC 2015 x86_64
libc:glibc 2.19 NPTL 2.19 
rlimit: STACK 8192k, CORE 0k, NPROC 31477, NOFILE 4096, AS infinity
load average:2.71 2.69 2.55

/proc/meminfo:
MemTotal:        8079648 kB
MemFree:          246620 kB
MemAvailable:    1284424 kB
Buffers:           93400 kB
Cached:          1938064 kB
SwapCached:         4944 kB
Active:          5964032 kB
Inactive:        1589624 kB
Active(anon):    5248560 kB
Inactive(anon):  1137220 kB
Active(file):     715472 kB
Inactive(file):   452404 kB
Unevictable:         128 kB
Mlocked:             128 kB
SwapTotal:      15624188 kB
SwapFree:       15509696 kB
Dirty:               216 kB
Writeback:             0 kB
AnonPages:       5517968 kB
Mapped:           941316 kB
Shmem:            863600 kB
Slab:             123640 kB
SReclaimable:      77740 kB
SUnreclaim:        45900 kB
KernelStack:       17104 kB
PageTables:        76720 kB
NFS_Unstable:          0 kB
Bounce:                0 kB
WritebackTmp:          0 kB
CommitLimit:    19664012 kB
Committed_AS:   18888664 kB
VmallocTotal:   34359738367 kB
VmallocUsed:      360540 kB
VmallocChunk:   34359278700 kB
HardwareCorrupted:     0 kB
AnonHugePages:   2363392 kB
CmaTotal:              0 kB
CmaFree:               0 kB
HugePages_Total:       0
HugePages_Free:        0
HugePages_Rsvd:        0
HugePages_Surp:        0
Hugepagesize:       2048 kB
DirectMap4k:      237456 kB
DirectMap2M:     8054784 kB
DirectMap1G:     1048576 kB


CPU:total 4 (2 cores per cpu, 2 threads per core) family 6 model 69 stepping 1, cmov, cx8, fxsr, mmx, sse, sse2, sse3, ssse3, sse4.1, sse4.2, popcnt, avx, avx2, aes, clmul, erms, lzcnt, ht, tsc, tscinvbit, bmi1, bmi2

/proc/cpuinfo:
processor	: 0
vendor_id	: GenuineIntel
cpu family	: 6
model		: 69
model name	: Intel(R) Core(TM) i5-4310U CPU @ 2.00GHz
stepping	: 1
microcode	: 0x1c
cpu MHz		: 2690.796
cache size	: 3072 KB
physical id	: 0
siblings	: 4
core id		: 0
cpu cores	: 2
apicid		: 0
initial apicid	: 0
fpu		: yes
fpu_exception	: yes
cpuid level	: 13
wp		: yes
flags		: fpu vme de pse tsc msr pae mce cx8 apic sep mtrr pge mca cmov pat pse36 clflush dts acpi mmx fxsr sse sse2 ss ht tm pbe syscall nx pdpe1gb rdtscp lm constant_tsc arch_perfmon pebs bts rep_good nopl xtopology nonstop_tsc aperfmperf eagerfpu pni pclmulqdq dtes64 monitor ds_cpl vmx smx est tm2 ssse3 fma cx16 xtpr pdcm pcid sse4_1 sse4_2 x2apic movbe popcnt tsc_deadline_timer aes xsave avx f16c rdrand lahf_lm abm ida arat epb pln pts dtherm tpr_shadow vnmi flexpriority ept vpid fsgsbase tsc_adjust bmi1 avx2 smep bmi2 erms invpcid xsaveopt
bugs		:
bogomips	: 5187.78
clflush size	: 64
cache_alignment	: 64
address sizes	: 39 bits physical, 48 bits virtual
power management:

processor	: 1
vendor_id	: GenuineIntel
cpu family	: 6
model		: 69
model name	: Intel(R) Core(TM) i5-4310U CPU @ 2.00GHz
stepping	: 1
microcode	: 0x1c
cpu MHz		: 2686.632
cache size	: 3072 KB
physical id	: 0
siblings	: 4
core id		: 1
cpu cores	: 2
apicid		: 2
initial apicid	: 2
fpu		: yes
fpu_exception	: yes
cpuid level	: 13
wp		: yes
flags		: fpu vme de pse tsc msr pae mce cx8 apic sep mtrr pge mca cmov pat pse36 clflush dts acpi mmx fxsr sse sse2 ss ht tm pbe syscall nx pdpe1gb rdtscp lm constant_tsc arch_perfmon pebs bts rep_good nopl xtopology nonstop_tsc aperfmperf eagerfpu pni pclmulqdq dtes64 monitor ds_cpl vmx smx est tm2 ssse3 fma cx16 xtpr pdcm pcid sse4_1 sse4_2 x2apic movbe popcnt tsc_deadline_timer aes xsave avx f16c rdrand lahf_lm abm ida arat epb pln pts dtherm tpr_shadow vnmi flexpriority ept vpid fsgsbase tsc_adjust bmi1 avx2 smep bmi2 erms invpcid xsaveopt
bugs		:
bogomips	: 5187.78
clflush size	: 64
cache_alignment	: 64
address sizes	: 39 bits physical, 48 bits virtual
power management:

processor	: 2
vendor_id	: GenuineIntel
cpu family	: 6
model		: 69
model name	: Intel(R) Core(TM) i5-4310U CPU @ 2.00GHz
stepping	: 1
microcode	: 0x1c
cpu MHz		: 2674.851
cache size	: 3072 KB
physical id	: 0
siblings	: 4
core id		: 0
cpu cores	: 2
apicid		: 1
initial apicid	: 1
fpu		: yes
fpu_exception	: yes
cpuid level	: 13
wp		: yes
flags		: fpu vme de pse tsc msr pae mce cx8 apic sep mtrr pge mca cmov pat pse36 clflush dts acpi mmx fxsr sse sse2 ss ht tm pbe syscall nx pdpe1gb rdtscp lm constant_tsc arch_perfmon pebs bts rep_good nopl xtopology nonstop_tsc aperfmperf eagerfpu pni pclmulqdq dtes64 monitor ds_cpl vmx smx est tm2 ssse3 fma cx16 xtpr pdcm pcid sse4_1 sse4_2 x2apic movbe popcnt tsc_deadline_timer aes xsave avx f16c rdrand lahf_lm abm ida arat epb pln pts dtherm tpr_shadow vnmi flexpriority ept vpid fsgsbase tsc_adjust bmi1 avx2 smep bmi2 erms invpcid xsaveopt
bugs		:
bogomips	: 5187.78
clflush size	: 64
cache_alignment	: 64
address sizes	: 39 bits physical, 48 bits virtual
power management:

processor	: 3
vendor_id	: GenuineIntel
cpu family	: 6
model		: 69
model name	: Intel(R) Core(TM) i5-4310U CPU @ 2.00GHz
stepping	: 1
microcode	: 0x1c
cpu MHz		: 2690.796
cache size	: 3072 KB
physical id	: 0
siblings	: 4
core id		: 1
cpu cores	: 2
apicid		: 3
initial apicid	: 3
fpu		: yes
fpu_exception	: yes
cpuid level	: 13
wp		: yes
flags		: fpu vme de pse tsc msr pae mce cx8 apic sep mtrr pge mca cmov pat pse36 clflush dts acpi mmx fxsr sse sse2 ss ht tm pbe syscall nx pdpe1gb rdtscp lm constant_tsc arch_perfmon pebs bts rep_good nopl xtopology nonstop_tsc aperfmperf eagerfpu pni pclmulqdq dtes64 monitor ds_cpl vmx smx est tm2 ssse3 fma cx16 xtpr pdcm pcid sse4_1 sse4_2 x2apic movbe popcnt tsc_deadline_timer aes xsave avx f16c rdrand lahf_lm abm ida arat epb pln pts dtherm tpr_shadow vnmi flexpriority ept vpid fsgsbase tsc_adjust bmi1 avx2 smep bmi2 erms invpcid xsaveopt
bugs		:
bogomips	: 5187.78
clflush size	: 64
cache_alignment	: 64
address sizes	: 39 bits physical, 48 bits virtual
power management:



Memory: 4k page, physical 8079648k(246620k free), swap 15624188k(15509696k free)

vm_info: Java HotSpot(TM) 64-Bit Server VM (25.101-b13) for linux-amd64 JRE (1.8.0_101-b13), built on Jun 22 2016 02:59:44 by "java_re" with gcc 4.3.0 20080428 (Red Hat 4.3.0-8)

time: Mon Aug  8 14:29:49 2016
elapsed time: 0 seconds (0d 0h 0m 0s)

