#
# A fatal error has been detected by the Java Runtime Environment:
#
#  SIGSEGV (0xb) at pc=0x00007fd90932ab55, pid=26436, tid=0x00007fd90a480700
#
# JRE version: Java(TM) SE Runtime Environment (8.0_101-b13) (build 1.8.0_101-b13)
# Java VM: Java HotSpot(TM) 64-Bit Server VM (25.101-b13 mixed mode linux-amd64 compressed oops)
# Problematic frame:
# V  [libjvm.so+0xa97b55]  Unsafe_GetNativeAddress+0xa5
#
# Failed to write core dump. Core dumps have been disabled. To enable core dumping, try "ulimit -c unlimited" before starting Java again
#
# If you would like to submit a bug report, please visit:
#   http://bugreport.java.com/bugreport/crash.jsp
#

---------------  T H R E A D  ---------------

Current thread (0x00007fd90400e000):  JavaThread "main" [_thread_in_vm, id=26437, stack(0x00007fd90a380000,0x00007fd90a481000)]

siginfo: si_signo: 11 (SIGSEGV), si_code: 1 (SEGV_MAPERR), si_addr: 0x0000000000000000

Registers:
RAX=0x0000000000000000, RBX=0x00007fd90400e000, RCX=0x00007fd904005e50, RDX=0x00007fd9098500f0
RSP=0x00007fd90a47f7f0, RBP=0x00007fd90a47f820, RSI=0x00007fd90a47f8b8, RDI=0x00007fd90a47f7f0
R8 =0x0000000000000000, R9 =0x0000000000000004, R10=0x00007fd8f3b379e8, R11=0x00007fd909254c50
R12=0x0000000000000000, R13=0x00007fd909854e80, R14=0x00007fd909850100, R15=0x00007fd90400e000
RIP=0x00007fd90932ab55, EFLAGS=0x0000000000010246, CSGSFS=0x0000000000000033, ERR=0x0000000000000004
  TRAPNO=0x000000000000000e

Top of Stack: (sp=0x00007fd90a47f7f0)
0x00007fd90a47f7f0:   00007fd90400e000 00007fd8ee3e1990
0x00007fd90a47f800:   00007fd8ee3e1990 0000000000000000
0x00007fd90a47f810:   00007fd8ee3e1990 00007fd90a47f8b8
0x00007fd90a47f820:   00007fd90a47f888 00007fd8f3b37a14
0x00007fd90a47f830:   00007fd90a47f888 00007fd8f3b377a7
0x00007fd90a47f840:   00007fd8f3b37762 00007fd90a47f848
0x00007fd90a47f850:   00007fd8ee3e1990 00007fd90a47f8b8
0x00007fd90a47f860:   00007fd8ee40f088 0000000000000000
0x00007fd90a47f870:   00007fd8ee3e1990 0000000000000000
0x00007fd90a47f880:   00007fd90a47f8a8 00007fd90a47f908
0x00007fd90a47f890:   00007fd8f3b27dd0 0000000000000000
0x00007fd90a47f8a0:   00007fd8f3b31537 0000000000000000
0x00007fd90a47f8b0:   00000000d6e089b8 00000000d6e089b8
0x00007fd90a47f8c0:   00000000d6e1e1e0 00007fd90a47f8c8
0x00007fd90a47f8d0:   00007fd8ee76354f 00007fd90a47f948
0x00007fd90a47f8e0:   00007fd8ee763618 0000000000000000
0x00007fd90a47f8f0:   00007fd8ee7635c0 00007fd90a47f8a8
0x00007fd90a47f900:   00007fd90a47f948 00007fd90a47f9b0
0x00007fd90a47f910:   00007fd8f3b207a7 000000000000007b
0x00007fd90a47f920:   0000000000000000 00000000d6e6afa8
0x00007fd90a47f930:   00000000d6e089b8 00000000d6e6a6f0
0x00007fd90a47f940:   00000000d6e67338 00000000d6e65098
0x00007fd90a47f950:   0000000000001fa0 0000000000000000
0x00007fd90a47f960:   00007fd90400e000 00007fd90a47fa30
0x00007fd90a47f970:   00007fd90a47fbf0 00007fd90a47f9f0
0x00007fd90a47f980:   00007fd90a47f9f0 00007fd90a47fd38
0x00007fd90a47f990:   00007fd90000000a 00007fd8ee7635c0
0x00007fd90a47f9a0:   00007fd8f3b32c80 00007fd90a47fb78
0x00007fd90a47f9b0:   00007fd90a47fb20 00007fd908f226b6
0x00007fd90a47f9c0:   00007fd900000001 00007fd90400e000
0x00007fd90a47f9d0:   00007fd90a47fb70 00007fd90a47fd30
0x00007fd90a47f9e0:   00007fd8f3b32c80 000000000000000a 

Instructions: (pc=0x00007fd90932ab55)
0x00007fd90932ab35:   00 00 00 30 74 08 48 89 df e8 ed 83 fd ff 48 8d
0x00007fd90932ab45:   7d d0 c7 83 70 02 00 00 06 00 00 00 48 89 5d d0
0x00007fd90932ab55:   4d 8b 24 24 e8 12 a5 94 ff c7 83 70 02 00 00 07
0x00007fd90932ab65:   00 00 00 41 8b 16 83 fa 01 0f 84 84 00 00 00 48 

Register to memory mapping:

RAX=0x0000000000000000 is an unknown value
RBX=0x00007fd90400e000 is a thread
RCX=0x00007fd904005e50 is an unknown value
RDX=0x00007fd9098500f0: <offset 0xfbd0f0> in /usr/lib/jvm/java-8-oracle/jre/lib/amd64/server/libjvm.so at 0x00007fd908893000
RSP=0x00007fd90a47f7f0 is pointing into the stack for thread: 0x00007fd90400e000
RBP=0x00007fd90a47f820 is pointing into the stack for thread: 0x00007fd90400e000
RSI=0x00007fd90a47f8b8 is pointing into the stack for thread: 0x00007fd90400e000
RDI=0x00007fd90a47f7f0 is pointing into the stack for thread: 0x00007fd90400e000
R8 =0x0000000000000000 is an unknown value
R9 =0x0000000000000004 is an unknown value
R10=0x00007fd8f3b379e8 is at code_begin+808 in an Interpreter codelet
method entry point (kind = native)  [0x00007fd8f3b376c0, 0x00007fd8f3b37fc0]  2304 bytes
R11=0x00007fd909254c50: <offset 0x9c1c50> in /usr/lib/jvm/java-8-oracle/jre/lib/amd64/server/libjvm.so at 0x00007fd908893000
R12=0x0000000000000000 is an unknown value
R13=0x00007fd909854e80: <offset 0xfc1e80> in /usr/lib/jvm/java-8-oracle/jre/lib/amd64/server/libjvm.so at 0x00007fd908893000
R14=0x00007fd909850100: <offset 0xfbd100> in /usr/lib/jvm/java-8-oracle/jre/lib/amd64/server/libjvm.so at 0x00007fd908893000
R15=0x00007fd90400e000 is a thread


Stack: [0x00007fd90a380000,0x00007fd90a481000],  sp=0x00007fd90a47f7f0,  free space=1021k
Native frames: (J=compiled Java code, j=interpreted, Vv=VM code, C=native code)
V  [libjvm.so+0xa97b55]  Unsafe_GetNativeAddress+0xa5
j  sun.misc.Unsafe.getAddress(J)J+0
j  com.gs.ds.tree.Main.main([Ljava/lang/String;)V+71
v  ~StubRoutines::call_stub
V  [libjvm.so+0x68f6b6]  JavaCalls::call_helper(JavaValue*, methodHandle*, JavaCallArguments*, Thread*)+0x1056
V  [libjvm.so+0x6d0d42]  jni_invoke_static(JNIEnv_*, JavaValue*, _jobject*, JNICallType, _jmethodID*, JNI_ArgumentPusher*, Thread*)+0x362
V  [libjvm.so+0x6ed5aa]  jni_CallStaticVoidMethod+0x17a
C  [libjli.so+0x7bdf]  JavaMain+0x81f
C  [libpthread.so.0+0x8184]  start_thread+0xc4

Java frames: (J=compiled Java code, j=interpreted, Vv=VM code)
j  sun.misc.Unsafe.getAddress(J)J+0
j  com.gs.ds.tree.Main.main([Ljava/lang/String;)V+71
v  ~StubRoutines::call_stub

---------------  P R O C E S S  ---------------

Java Threads: ( => current thread )
  0x00007fd9040de000 JavaThread "Service Thread" daemon [_thread_blocked, id=26456, stack(0x00007fd8ec2b8000,0x00007fd8ec3b9000)]
  0x00007fd9040c1000 JavaThread "C1 CompilerThread2" daemon [_thread_blocked, id=26455, stack(0x00007fd8ec3b9000,0x00007fd8ec4ba000)]
  0x00007fd9040bf800 JavaThread "C2 CompilerThread1" daemon [_thread_blocked, id=26454, stack(0x00007fd8ec4ba000,0x00007fd8ec5bb000)]
  0x00007fd9040bc800 JavaThread "C2 CompilerThread0" daemon [_thread_blocked, id=26453, stack(0x00007fd8ec5bb000,0x00007fd8ec6bc000)]
  0x00007fd9040bb000 JavaThread "Signal Dispatcher" daemon [_thread_blocked, id=26452, stack(0x00007fd8ec6bc000,0x00007fd8ec7bd000)]
  0x00007fd904088000 JavaThread "Finalizer" daemon [_thread_blocked, id=26451, stack(0x00007fd8ece9f000,0x00007fd8ecfa0000)]
  0x00007fd904083800 JavaThread "Reference Handler" daemon [_thread_blocked, id=26450, stack(0x00007fd8ecfa0000,0x00007fd8ed0a1000)]
=>0x00007fd90400e000 JavaThread "main" [_thread_in_vm, id=26437, stack(0x00007fd90a380000,0x00007fd90a481000)]

Other Threads:
  0x00007fd90407c000 VMThread [stack: 0x00007fd8ed0a1000,0x00007fd8ed1a2000] [id=26449]
  0x00007fd9040e1800 WatcherThread [stack: 0x00007fd8ec1b7000,0x00007fd8ec2b8000] [id=26457]

VM state:not at safepoint (normal execution)

VM Mutex/Monitor currently owned by a thread: None

Heap:
 PSYoungGen      total 36864K, used 634K [0x00000000d6e00000, 0x00000000d9700000, 0x0000000100000000)
  eden space 31744K, 2% used [0x00000000d6e00000,0x00000000d6e9eb90,0x00000000d8d00000)
  from space 5120K, 0% used [0x00000000d9200000,0x00000000d9200000,0x00000000d9700000)
  to   space 5120K, 0% used [0x00000000d8d00000,0x00000000d8d00000,0x00000000d9200000)
 ParOldGen       total 84992K, used 0K [0x0000000084a00000, 0x0000000089d00000, 0x00000000d6e00000)
  object space 84992K, 0% used [0x0000000084a00000,0x0000000084a00000,0x0000000089d00000)
 Metaspace       used 2518K, capacity 4492K, committed 4864K, reserved 1056768K
  class space    used 276K, capacity 388K, committed 512K, reserved 1048576K

Card table byte_map: [0x00007fd8f3384000,0x00007fd8f3760000] byte_map_base: 0x00007fd8f2f5f000

Marking Bits: (ParMarkBitMap*) 0x00007fd909854120
 Begin Bits: [0x00007fd8eef3e000, 0x00007fd8f0e16000)
 End Bits:   [0x00007fd8f0e16000, 0x00007fd8f2cee000)

Polling page: 0x00007fd90a49d000

CodeCache: size=245760Kb used=1075Kb max_used=1075Kb free=244684Kb
 bounds [0x00007fd8f3b20000, 0x00007fd8f3d90000, 0x00007fd902b20000]
 total_blobs=239 nmethods=11 adapters=143
 compilation: enabled

Compilation events (10 events):
Event: 0.205 Thread 0x00007fd9040c1000    8       3       java.lang.Object::<init> (1 bytes)
Event: 0.206 Thread 0x00007fd9040c1000 nmethod 8 0x00007fd8f3c27550 code [0x00007fd8f3c276c0, 0x00007fd8f3c27810]
Event: 0.206 Thread 0x00007fd9040c1000    6       3       java.lang.String::length (6 bytes)
Event: 0.206 Thread 0x00007fd9040c1000 nmethod 6 0x00007fd8f3c2ae90 code [0x00007fd8f3c2b000, 0x00007fd8f3c2b150]
Event: 0.206 Thread 0x00007fd9040c1000    7       3       java.lang.AbstractStringBuilder::ensureCapacityInternal (16 bytes)
Event: 0.206 Thread 0x00007fd9040c1000 nmethod 7 0x00007fd8f3c2b210 code [0x00007fd8f3c2b380, 0x00007fd8f3c2b5c8]
Event: 0.211 Thread 0x00007fd9040c1000   10       3       java.lang.AbstractStringBuilder::append (50 bytes)
Event: 0.211 Thread 0x00007fd9040c1000 nmethod 10 0x00007fd8f3c2be90 code [0x00007fd8f3c2c040, 0x00007fd8f3c2c548]
Event: 0.211 Thread 0x00007fd9040c1000   11       3       java.lang.String::getChars (62 bytes)
Event: 0.212 Thread 0x00007fd9040c1000 nmethod 11 0x00007fd8f3c2c710 code [0x00007fd8f3c2c8c0, 0x00007fd8f3c2ccf8]

GC Heap History (0 events):
No events

Deoptimization events (0 events):
No events

Internal exceptions (2 events):
Event: 0.109 Thread 0x00007fd90400e000 Exception <a 'java/lang/NoSuchMethodError': Method sun.misc.Unsafe.defineClass(Ljava/lang/String;[BII)Ljava/lang/Class; name or signature does not match> (0x00000000d6e07cc0) thrown at [/HUDSON3/workspace/8-2-build-linux-amd64/jdk8u101/7261/hotspot/src/sh
Event: 0.109 Thread 0x00007fd90400e000 Exception <a 'java/lang/NoSuchMethodError': Method sun.misc.Unsafe.prefetchRead(Ljava/lang/Object;J)V name or signature does not match> (0x00000000d6e07fa8) thrown at [/HUDSON3/workspace/8-2-build-linux-amd64/jdk8u101/7261/hotspot/src/share/vm/prims/jni.c

Events (10 events):
Event: 0.213 loading class sun/reflect/UnsafeQualifiedStaticObjectFieldAccessorImpl
Event: 0.213 loading class sun/reflect/UnsafeQualifiedStaticFieldAccessorImpl
Event: 0.213 loading class sun/reflect/UnsafeQualifiedStaticFieldAccessorImpl done
Event: 0.213 loading class sun/reflect/UnsafeQualifiedStaticObjectFieldAccessorImpl done
Event: 0.214 loading class java/util/HashMap$EntrySet
Event: 0.214 loading class java/util/HashMap$EntrySet done
Event: 0.214 loading class java/util/HashMap$EntryIterator
Event: 0.214 loading class java/util/HashMap$HashIterator
Event: 0.214 loading class java/util/HashMap$HashIterator done
Event: 0.214 loading class java/util/HashMap$EntryIterator done


Dynamic libraries:
00400000-00401000 r-xp 00000000 08:06 3016108                            /usr/lib/jvm/java-8-oracle/bin/java
00600000-00601000 rw-p 00000000 08:06 3016108                            /usr/lib/jvm/java-8-oracle/bin/java
01051000-01072000 rw-p 00000000 00:00 0                                  [heap]
84a00000-89d00000 rw-p 00000000 00:00 0 
89d00000-d6e00000 ---p 00000000 00:00 0 
d6e00000-d9700000 rw-p 00000000 00:00 0 
d9700000-100000000 ---p 00000000 00:00 0 
100000000-100080000 rw-p 00000000 00:00 0 
100080000-140000000 ---p 00000000 00:00 0 
7fd8b7e69000-7fd8b8000000 rw-p 00000000 00:00 0 
7fd8b8000000-7fd8b8021000 rw-p 00000000 00:00 0 
7fd8b8021000-7fd8bc000000 ---p 00000000 00:00 0 
7fd8bc000000-7fd8bc021000 rw-p 00000000 00:00 0 
7fd8bc021000-7fd8c0000000 ---p 00000000 00:00 0 
7fd8c0000000-7fd8c0021000 rw-p 00000000 00:00 0 
7fd8c0021000-7fd8c4000000 ---p 00000000 00:00 0 
7fd8c4000000-7fd8c4021000 rw-p 00000000 00:00 0 
7fd8c4021000-7fd8c8000000 ---p 00000000 00:00 0 
7fd8c8000000-7fd8c8021000 rw-p 00000000 00:00 0 
7fd8c8021000-7fd8cc000000 ---p 00000000 00:00 0 
7fd8cc000000-7fd8cc03e000 rw-p 00000000 00:00 0 
7fd8cc03e000-7fd8d0000000 ---p 00000000 00:00 0 
7fd8d0000000-7fd8d0021000 rw-p 00000000 00:00 0 
7fd8d0021000-7fd8d4000000 ---p 00000000 00:00 0 
7fd8d4000000-7fd8d4021000 rw-p 00000000 00:00 0 
7fd8d4021000-7fd8d8000000 ---p 00000000 00:00 0 
7fd8d8000000-7fd8d8021000 rw-p 00000000 00:00 0 
7fd8d8021000-7fd8dc000000 ---p 00000000 00:00 0 
7fd8dc000000-7fd8dc021000 rw-p 00000000 00:00 0 
7fd8dc021000-7fd8e0000000 ---p 00000000 00:00 0 
7fd8e0000000-7fd8e0021000 rw-p 00000000 00:00 0 
7fd8e0021000-7fd8e4000000 ---p 00000000 00:00 0 
7fd8e4000000-7fd8e4021000 rw-p 00000000 00:00 0 
7fd8e4021000-7fd8e8000000 ---p 00000000 00:00 0 
7fd8e8000000-7fd8e8021000 rw-p 00000000 00:00 0 
7fd8e8021000-7fd8ec000000 ---p 00000000 00:00 0 
7fd8ec0c7000-7fd8ec1b7000 rw-p 00000000 00:00 0 
7fd8ec1b7000-7fd8ec1b8000 ---p 00000000 00:00 0 
7fd8ec1b8000-7fd8ec2b8000 rw-p 00000000 00:00 0                          [stack:26457]
7fd8ec2b8000-7fd8ec2bb000 ---p 00000000 00:00 0 
7fd8ec2bb000-7fd8ec3b9000 rw-p 00000000 00:00 0                          [stack:26456]
7fd8ec3b9000-7fd8ec3bc000 ---p 00000000 00:00 0 
7fd8ec3bc000-7fd8ec4ba000 rw-p 00000000 00:00 0                          [stack:26455]
7fd8ec4ba000-7fd8ec4bd000 ---p 00000000 00:00 0 
7fd8ec4bd000-7fd8ec5bb000 rw-p 00000000 00:00 0                          [stack:26454]
7fd8ec5bb000-7fd8ec5be000 ---p 00000000 00:00 0 
7fd8ec5be000-7fd8ec6bc000 rw-p 00000000 00:00 0                          [stack:26453]
7fd8ec6bc000-7fd8ec6bf000 ---p 00000000 00:00 0 
7fd8ec6bf000-7fd8ec7bd000 rw-p 00000000 00:00 0                          [stack:26452]
7fd8ec7bd000-7fd8ece9f000 r--p 00000000 08:06 2890681                    /usr/lib/locale/locale-archive
7fd8ece9f000-7fd8ecea2000 ---p 00000000 00:00 0 
7fd8ecea2000-7fd8ecfa0000 rw-p 00000000 00:00 0                          [stack:26451]
7fd8ecfa0000-7fd8ecfa3000 ---p 00000000 00:00 0 
7fd8ecfa3000-7fd8ed0a1000 rw-p 00000000 00:00 0                          [stack:26450]
7fd8ed0a1000-7fd8ed0a2000 ---p 00000000 00:00 0 
7fd8ed0a2000-7fd8ee114000 rw-p 00000000 00:00 0                          [stack:26449]
7fd8ee114000-7fd8ee2ed000 r--s 03d29000 08:06 3016241                    /usr/lib/jvm/java-8-oracle/jre/lib/rt.jar
7fd8ee2ed000-7fd8ee7a3000 rw-p 00000000 00:00 0 
7fd8ee7a3000-7fd8eeb63000 ---p 00000000 00:00 0 
7fd8eeb63000-7fd8f2cee000 rw-p 00000000 00:00 0 
7fd8f2cee000-7fd8f2cef000 ---p 00000000 00:00 0 
7fd8f2cef000-7fd8f2def000 rw-p 00000000 00:00 0                          [stack:26448]
7fd8f2def000-7fd8f2df0000 ---p 00000000 00:00 0 
7fd8f2df0000-7fd8f2ef0000 rw-p 00000000 00:00 0                          [stack:26447]
7fd8f2ef0000-7fd8f2ef1000 ---p 00000000 00:00 0 
7fd8f2ef1000-7fd8f2ff1000 rw-p 00000000 00:00 0                          [stack:26446]
7fd8f2ff1000-7fd8f2ff2000 ---p 00000000 00:00 0 
7fd8f2ff2000-7fd8f311c000 rw-p 00000000 00:00 0                          [stack:26445]
7fd8f311c000-7fd8f3384000 ---p 00000000 00:00 0 
7fd8f3384000-7fd8f33ae000 rw-p 00000000 00:00 0 
7fd8f33ae000-7fd8f3616000 ---p 00000000 00:00 0 
7fd8f3616000-7fd8f362b000 rw-p 00000000 00:00 0 
7fd8f362b000-7fd8f375f000 ---p 00000000 00:00 0 
7fd8f375f000-7fd8f376a000 rw-p 00000000 00:00 0 
7fd8f376a000-7fd8f3b20000 ---p 00000000 00:00 0 
7fd8f3b20000-7fd8f3d90000 rwxp 00000000 00:00 0 
7fd8f3d90000-7fd902b20000 ---p 00000000 00:00 0 
7fd902b20000-7fd902b3a000 r-xp 00000000 08:06 3151345                    /usr/lib/jvm/java-8-oracle/jre/lib/amd64/libzip.so
7fd902b3a000-7fd902d3a000 ---p 0001a000 08:06 3151345                    /usr/lib/jvm/java-8-oracle/jre/lib/amd64/libzip.so
7fd902d3a000-7fd902d3b000 rw-p 0001a000 08:06 3151345                    /usr/lib/jvm/java-8-oracle/jre/lib/amd64/libzip.so
7fd902d3b000-7fd902d3e000 r-xp 00000000 08:06 8126582                    /opt/pbis/lib/libuuid.so.0.0.0
7fd902d3e000-7fd902e3d000 ---p 00003000 08:06 8126582                    /opt/pbis/lib/libuuid.so.0.0.0
7fd902e3d000-7fd902e3e000 rw-p 00002000 08:06 8126582                    /opt/pbis/lib/libuuid.so.0.0.0
7fd902e3e000-7fd902eca000 r-xp 00000000 08:06 8126578                    /opt/pbis/lib/liblwbase_nothr.so.0.0.0
7fd902eca000-7fd902fc9000 ---p 0008c000 08:06 8126578                    /opt/pbis/lib/liblwbase_nothr.so.0.0.0
7fd902fc9000-7fd902ff5000 rw-p 0008b000 08:06 8126578                    /opt/pbis/lib/liblwbase_nothr.so.0.0.0
7fd902ff5000-7fd902ff7000 rw-p 00000000 00:00 0 
7fd902ff7000-7fd90301c000 r-xp 00000000 08:06 8126607                    /opt/pbis/lib/liblsacommon.so.0.0.0
7fd90301c000-7fd90311c000 ---p 00025000 08:06 8126607                    /opt/pbis/lib/liblsacommon.so.0.0.0
7fd90311c000-7fd903128000 rw-p 00025000 08:06 8126607                    /opt/pbis/lib/liblsacommon.so.0.0.0
7fd903128000-7fd903151000 r-xp 00000000 08:06 8126614                    /opt/pbis/lib/liblwadvapi_nothr.so.0.0.0
7fd903151000-7fd903251000 ---p 00029000 08:06 8126614                    /opt/pbis/lib/liblwadvapi_nothr.so.0.0.0
7fd903251000-7fd903259000 rw-p 00029000 08:06 8126614                    /opt/pbis/lib/liblwadvapi_nothr.so.0.0.0
7fd903259000-7fd903277000 r-xp 00000000 08:06 8126574                    /opt/pbis/lib/liblwmsg_nothr.so.0.0.0
7fd903277000-7fd903376000 ---p 0001e000 08:06 8126574                    /opt/pbis/lib/liblwmsg_nothr.so.0.0.0
7fd903376000-7fd903379000 rw-p 0001d000 08:06 8126574                    /opt/pbis/lib/liblwmsg_nothr.so.0.0.0
7fd903379000-7fd90337c000 r-xp 00000000 08:06 8126549                    /opt/pbis/lib/liblsaauth.so.0.0.0
7fd90337c000-7fd90347b000 ---p 00003000 08:06 8126549                    /opt/pbis/lib/liblsaauth.so.0.0.0
7fd90347b000-7fd90347c000 rw-p 00002000 08:06 8126549                    /opt/pbis/lib/liblsaauth.so.0.0.0
7fd90347c000-7fd903498000 r-xp 00000000 08:06 8126620                    /opt/pbis/lib/liblsaclient.so.0.0.0
7fd903498000-7fd903598000 ---p 0001c000 08:06 8126620                    /opt/pbis/lib/liblsaclient.so.0.0.0
7fd903598000-7fd903599000 rw-p 0001c000 08:06 8126620                    /opt/pbis/lib/liblsaclient.so.0.0.0
7fd903599000-7fd9035a3000 r-xp 00000000 08:06 7606671                    /lib/x86_64-linux-gnu/libnss_files-2.19.so
7fd9035a3000-7fd9037a2000 ---p 0000a000 08:06 7606671                    /lib/x86_64-linux-gnu/libnss_files-2.19.so
7fd9037a2000-7fd9037a3000 r--p 00009000 08:06 7606671                    /lib/x86_64-linux-gnu/libnss_files-2.19.so
7fd9037a3000-7fd9037a4000 rw-p 0000a000 08:06 7606671                    /lib/x86_64-linux-gnu/libnss_files-2.19.so
7fd9037a4000-7fd9037af000 r-xp 00000000 08:06 7606320                    /lib/x86_64-linux-gnu/libnss_nis-2.19.so
7fd9037af000-7fd9039ae000 ---p 0000b000 08:06 7606320                    /lib/x86_64-linux-gnu/libnss_nis-2.19.so
7fd9039ae000-7fd9039af000 r--p 0000a000 08:06 7606320                    /lib/x86_64-linux-gnu/libnss_nis-2.19.so
7fd9039af000-7fd9039b0000 rw-p 0000b000 08:06 7606320                    /lib/x86_64-linux-gnu/libnss_nis-2.19.so
7fd9039b0000-7fd9039c7000 r-xp 00000000 08:06 7602277                    /lib/x86_64-linux-gnu/libnsl-2.19.so
7fd9039c7000-7fd903bc6000 ---p 00017000 08:06 7602277                    /lib/x86_64-linux-gnu/libnsl-2.19.so
7fd903bc6000-7fd903bc7000 r--p 00016000 08:06 7602277                    /lib/x86_64-linux-gnu/libnsl-2.19.so
7fd903bc7000-7fd903bc8000 rw-p 00017000 08:06 7602277                    /lib/x86_64-linux-gnu/libnsl-2.19.so
7fd903bc8000-7fd903bca000 rw-p 00000000 00:00 0 
7fd903bca000-7fd903bd3000 r-xp 00000000 08:06 7602276                    /lib/x86_64-linux-gnu/libnss_compat-2.19.so
7fd903bd3000-7fd903dd2000 ---p 00009000 08:06 7602276                    /lib/x86_64-linux-gnu/libnss_compat-2.19.so
7fd903dd2000-7fd903dd3000 r--p 00008000 08:06 7602276                    /lib/x86_64-linux-gnu/libnss_compat-2.19.so
7fd903dd3000-7fd903dd4000 rw-p 00009000 08:06 7602276                    /lib/x86_64-linux-gnu/libnss_compat-2.19.so
7fd903dd4000-7fd903dfe000 r-xp 00000000 08:06 3151352                    /usr/lib/jvm/java-8-oracle/jre/lib/amd64/libjava.so
7fd903dfe000-7fd903ffe000 ---p 0002a000 08:06 3151352                    /usr/lib/jvm/java-8-oracle/jre/lib/amd64/libjava.so
7fd903ffe000-7fd904000000 rw-p 0002a000 08:06 3151352                    /usr/lib/jvm/java-8-oracle/jre/lib/amd64/libjava.so
7fd904000000-7fd90410d000 rw-p 00000000 00:00 0 
7fd90410d000-7fd908000000 ---p 00000000 00:00 0 
7fd908000000-7fd908070000 rw-p 00000000 00:00 0 
7fd908070000-7fd908075000 r-xp 00000000 08:06 7602205                    /lib/libnss_lsass.so.2
7fd908075000-7fd908175000 ---p 00005000 08:06 7602205                    /lib/libnss_lsass.so.2
7fd908175000-7fd908176000 rw-p 00005000 08:06 7602205                    /lib/libnss_lsass.so.2
7fd908176000-7fd908183000 r-xp 00000000 08:06 3151346                    /usr/lib/jvm/java-8-oracle/jre/lib/amd64/libverify.so
7fd908183000-7fd908383000 ---p 0000d000 08:06 3151346                    /usr/lib/jvm/java-8-oracle/jre/lib/amd64/libverify.so
7fd908383000-7fd908385000 rw-p 0000d000 08:06 3151346                    /usr/lib/jvm/java-8-oracle/jre/lib/amd64/libverify.so
7fd908385000-7fd90838c000 r-xp 00000000 08:06 7606667                    /lib/x86_64-linux-gnu/librt-2.19.so
7fd90838c000-7fd90858b000 ---p 00007000 08:06 7606667                    /lib/x86_64-linux-gnu/librt-2.19.so
7fd90858b000-7fd90858c000 r--p 00006000 08:06 7606667                    /lib/x86_64-linux-gnu/librt-2.19.so
7fd90858c000-7fd90858d000 rw-p 00007000 08:06 7606667                    /lib/x86_64-linux-gnu/librt-2.19.so
7fd90858d000-7fd908692000 r-xp 00000000 08:06 7602271                    /lib/x86_64-linux-gnu/libm-2.19.so
7fd908692000-7fd908891000 ---p 00105000 08:06 7602271                    /lib/x86_64-linux-gnu/libm-2.19.so
7fd908891000-7fd908892000 r--p 00104000 08:06 7602271                    /lib/x86_64-linux-gnu/libm-2.19.so
7fd908892000-7fd908893000 rw-p 00105000 08:06 7602271                    /lib/x86_64-linux-gnu/libm-2.19.so
7fd908893000-7fd90955e000 r-xp 00000000 08:06 3151325                    /usr/lib/jvm/java-8-oracle/jre/lib/amd64/server/libjvm.so
7fd90955e000-7fd90975d000 ---p 00ccb000 08:06 3151325                    /usr/lib/jvm/java-8-oracle/jre/lib/amd64/server/libjvm.so
7fd90975d000-7fd909836000 rw-p 00cca000 08:06 3151325                    /usr/lib/jvm/java-8-oracle/jre/lib/amd64/server/libjvm.so
7fd909836000-7fd909881000 rw-p 00000000 00:00 0 
7fd909881000-7fd909a3b000 r-xp 00000000 08:06 7606668                    /lib/x86_64-linux-gnu/libc-2.19.so
7fd909a3b000-7fd909c3b000 ---p 001ba000 08:06 7606668                    /lib/x86_64-linux-gnu/libc-2.19.so
7fd909c3b000-7fd909c3f000 r--p 001ba000 08:06 7606668                    /lib/x86_64-linux-gnu/libc-2.19.so
7fd909c3f000-7fd909c41000 rw-p 001be000 08:06 7606668                    /lib/x86_64-linux-gnu/libc-2.19.so
7fd909c41000-7fd909c46000 rw-p 00000000 00:00 0 
7fd909c46000-7fd909c49000 r-xp 00000000 08:06 7602273                    /lib/x86_64-linux-gnu/libdl-2.19.so
7fd909c49000-7fd909e48000 ---p 00003000 08:06 7602273                    /lib/x86_64-linux-gnu/libdl-2.19.so
7fd909e48000-7fd909e49000 r--p 00002000 08:06 7602273                    /lib/x86_64-linux-gnu/libdl-2.19.so
7fd909e49000-7fd909e4a000 rw-p 00003000 08:06 7602273                    /lib/x86_64-linux-gnu/libdl-2.19.so
7fd909e4a000-7fd909e5f000 r-xp 00000000 08:06 3419043                    /usr/lib/jvm/java-8-oracle/lib/amd64/jli/libjli.so
7fd909e5f000-7fd90a05f000 ---p 00015000 08:06 3419043                    /usr/lib/jvm/java-8-oracle/lib/amd64/jli/libjli.so
7fd90a05f000-7fd90a060000 rw-p 00015000 08:06 3419043                    /usr/lib/jvm/java-8-oracle/lib/amd64/jli/libjli.so
7fd90a060000-7fd90a079000 r-xp 00000000 08:06 7602278                    /lib/x86_64-linux-gnu/libpthread-2.19.so
7fd90a079000-7fd90a278000 ---p 00019000 08:06 7602278                    /lib/x86_64-linux-gnu/libpthread-2.19.so
7fd90a278000-7fd90a279000 r--p 00018000 08:06 7602278                    /lib/x86_64-linux-gnu/libpthread-2.19.so
7fd90a279000-7fd90a27a000 rw-p 00019000 08:06 7602278                    /lib/x86_64-linux-gnu/libpthread-2.19.so
7fd90a27a000-7fd90a27e000 rw-p 00000000 00:00 0 
7fd90a27e000-7fd90a2a1000 r-xp 00000000 08:06 7602279                    /lib/x86_64-linux-gnu/ld-2.19.so
7fd90a2b5000-7fd90a380000 rw-p 00000000 00:00 0 
7fd90a380000-7fd90a383000 ---p 00000000 00:00 0 
7fd90a383000-7fd90a485000 rw-p 00000000 00:00 0                          [stack:26437]
7fd90a491000-7fd90a494000 rw-p 00000000 00:00 0 
7fd90a494000-7fd90a49c000 rw-s 00000000 08:06 4593909                    /tmp/hsperfdata_govinda.verma/26436
7fd90a49c000-7fd90a49d000 rw-p 00000000 00:00 0 
7fd90a49d000-7fd90a49e000 r--p 00000000 00:00 0 
7fd90a49e000-7fd90a4a0000 rw-p 00000000 00:00 0 
7fd90a4a0000-7fd90a4a1000 r--p 00022000 08:06 7602279                    /lib/x86_64-linux-gnu/ld-2.19.so
7fd90a4a1000-7fd90a4a2000 rw-p 00023000 08:06 7602279                    /lib/x86_64-linux-gnu/ld-2.19.so
7fd90a4a2000-7fd90a4a3000 rw-p 00000000 00:00 0 
7ffd46d33000-7ffd46d55000 rw-p 00000000 00:00 0                          [stack]
7ffd46dae000-7ffd46db0000 r--p 00000000 00:00 0                          [vvar]
7ffd46db0000-7ffd46db2000 r-xp 00000000 00:00 0                          [vdso]
ffffffffff600000-ffffffffff601000 r-xp 00000000 00:00 0                  [vsyscall]

VM Arguments:
jvm_args: -Dfile.encoding=UTF-8 
java_command: com.gs.ds.tree.Main ulimit -c unlimited
java_class_path (initial): /home/local/JASPERINDIA/govinda.verma/govind/workspace/d/bin:/home/local/JASPERINDIA/govinda.verma/govind/workspace/d/httpclient-4.5.1.jar:/home/local/JASPERINDIA/govinda.verma/govind/workspace/d/httpcore-4.4.4.jar:/home/local/JASPERINDIA/govinda.verma/govind/workspace/d/commons-logging-1.2.jar:/home/local/JASPERINDIA/govinda.verma/govind/workspace/d/gson-2.4.jar:/home/local/JASPERINDIA/govinda.verma/govind/workspace/d/esapi-2.1.0.jar:/home/local/JASPERINDIA/govinda.verma/govind/workspace/d/lib/rt.jar:/home/local/JASPERINDIA/govinda.verma/.m2/repository/javax/validation/validation-api/1.0.0.GA/validation-api-1.0.0.GA.jar:/usr/lib/jvm/java-8-oracle/jre/lib/rt.jar
Launcher Type: SUN_STANDARD

Environment Variables:
PATH=/usr/local/sbin:/usr/local/bin:/usr/sbin:/usr/bin:/sbin:/bin:/usr/games:/usr/local/games
SHELL=/bin/bash
DISPLAY=:0

Signal Handlers:
SIGSEGV: [libjvm.so+0xac4790], sa_mask[0]=11111111011111111101111111111110, sa_flags=SA_RESTART|SA_SIGINFO
SIGBUS: [libjvm.so+0xac4790], sa_mask[0]=11111111011111111101111111111110, sa_flags=SA_RESTART|SA_SIGINFO
SIGFPE: [libjvm.so+0x91f140], sa_mask[0]=11111111011111111101111111111110, sa_flags=SA_RESTART|SA_SIGINFO
SIGPIPE: [libjvm.so+0x91f140], sa_mask[0]=11111111011111111101111111111110, sa_flags=SA_RESTART|SA_SIGINFO
SIGXFSZ: [libjvm.so+0x91f140], sa_mask[0]=11111111011111111101111111111110, sa_flags=SA_RESTART|SA_SIGINFO
SIGILL: [libjvm.so+0x91f140], sa_mask[0]=11111111011111111101111111111110, sa_flags=SA_RESTART|SA_SIGINFO
SIGUSR1: SIG_DFL, sa_mask[0]=00000000000000000000000000000000, sa_flags=none
SIGUSR2: [libjvm.so+0x920770], sa_mask[0]=00100000000000000000000000000000, sa_flags=SA_RESTART|SA_SIGINFO
SIGHUP: [libjvm.so+0x921b70], sa_mask[0]=11111111011111111101111111111110, sa_flags=SA_RESTART|SA_SIGINFO
SIGINT: [libjvm.so+0x921b70], sa_mask[0]=11111111011111111101111111111110, sa_flags=SA_RESTART|SA_SIGINFO
SIGTERM: [libjvm.so+0x921b70], sa_mask[0]=11111111011111111101111111111110, sa_flags=SA_RESTART|SA_SIGINFO
SIGQUIT: [libjvm.so+0x921b70], sa_mask[0]=11111111011111111101111111111110, sa_flags=SA_RESTART|SA_SIGINFO


---------------  S Y S T E M  ---------------

OS:DISTRIB_ID=Ubuntu
DISTRIB_RELEASE=14.04
DISTRIB_CODENAME=trusty
DISTRIB_DESCRIPTION="Ubuntu 14.04.3 LTS"

uname:Linux 3.19.0-25-generic #26~14.04.1-Ubuntu SMP Fri Jul 24 21:16:20 UTC 2015 x86_64
libc:glibc 2.19 NPTL 2.19 
rlimit: STACK 8192k, CORE 0k, NPROC 31477, NOFILE 4096, AS infinity
load average:3.07 2.96 2.72

/proc/meminfo:
MemTotal:        8079648 kB
MemFree:          234928 kB
MemAvailable:    1290688 kB
Buffers:           95468 kB
Cached:          1963800 kB
SwapCached:         5300 kB
Active:          5965636 kB
Inactive:        1598912 kB
Active(anon):    5231712 kB
Inactive(anon):  1147356 kB
Active(file):     733924 kB
Inactive(file):   451556 kB
Unevictable:         128 kB
Mlocked:             128 kB
SwapTotal:      15624188 kB
SwapFree:       15508340 kB
Dirty:                12 kB
Writeback:             0 kB
AnonPages:       5500908 kB
Mapped:           956416 kB
Shmem:            873708 kB
Slab:             124496 kB
SReclaimable:      78444 kB
SUnreclaim:        46052 kB
KernelStack:       16656 kB
PageTables:        75644 kB
NFS_Unstable:          0 kB
Bounce:                0 kB
WritebackTmp:          0 kB
CommitLimit:    19664012 kB
Committed_AS:   18720548 kB
VmallocTotal:   34359738367 kB
VmallocUsed:      360528 kB
VmallocChunk:   34359289760 kB
HardwareCorrupted:     0 kB
AnonHugePages:   2363392 kB
CmaTotal:              0 kB
CmaFree:               0 kB
HugePages_Total:       0
HugePages_Free:        0
HugePages_Rsvd:        0
HugePages_Surp:        0
Hugepagesize:       2048 kB
DirectMap4k:      237456 kB
DirectMap2M:     8054784 kB
DirectMap1G:     1048576 kB


CPU:total 4 (2 cores per cpu, 2 threads per core) family 6 model 69 stepping 1, cmov, cx8, fxsr, mmx, sse, sse2, sse3, ssse3, sse4.1, sse4.2, popcnt, avx, avx2, aes, clmul, erms, lzcnt, ht, tsc, tscinvbit, bmi1, bmi2

/proc/cpuinfo:
processor	: 0
vendor_id	: GenuineIntel
cpu family	: 6
model		: 69
model name	: Intel(R) Core(TM) i5-4310U CPU @ 2.00GHz
stepping	: 1
microcode	: 0x1c
cpu MHz		: 2695.773
cache size	: 3072 KB
physical id	: 0
siblings	: 4
core id		: 0
cpu cores	: 2
apicid		: 0
initial apicid	: 0
fpu		: yes
fpu_exception	: yes
cpuid level	: 13
wp		: yes
flags		: fpu vme de pse tsc msr pae mce cx8 apic sep mtrr pge mca cmov pat pse36 clflush dts acpi mmx fxsr sse sse2 ss ht tm pbe syscall nx pdpe1gb rdtscp lm constant_tsc arch_perfmon pebs bts rep_good nopl xtopology nonstop_tsc aperfmperf eagerfpu pni pclmulqdq dtes64 monitor ds_cpl vmx smx est tm2 ssse3 fma cx16 xtpr pdcm pcid sse4_1 sse4_2 x2apic movbe popcnt tsc_deadline_timer aes xsave avx f16c rdrand lahf_lm abm ida arat epb pln pts dtherm tpr_shadow vnmi flexpriority ept vpid fsgsbase tsc_adjust bmi1 avx2 smep bmi2 erms invpcid xsaveopt
bugs		:
bogomips	: 5187.78
clflush size	: 64
cache_alignment	: 64
address sizes	: 39 bits physical, 48 bits virtual
power management:

processor	: 1
vendor_id	: GenuineIntel
cpu family	: 6
model		: 69
model name	: Intel(R) Core(TM) i5-4310U CPU @ 2.00GHz
stepping	: 1
microcode	: 0x1c
cpu MHz		: 2695.773
cache size	: 3072 KB
physical id	: 0
siblings	: 4
core id		: 1
cpu cores	: 2
apicid		: 2
initial apicid	: 2
fpu		: yes
fpu_exception	: yes
cpuid level	: 13
wp		: yes
flags		: fpu vme de pse tsc msr pae mce cx8 apic sep mtrr pge mca cmov pat pse36 clflush dts acpi mmx fxsr sse sse2 ss ht tm pbe syscall nx pdpe1gb rdtscp lm constant_tsc arch_perfmon pebs bts rep_good nopl xtopology nonstop_tsc aperfmperf eagerfpu pni pclmulqdq dtes64 monitor ds_cpl vmx smx est tm2 ssse3 fma cx16 xtpr pdcm pcid sse4_1 sse4_2 x2apic movbe popcnt tsc_deadline_timer aes xsave avx f16c rdrand lahf_lm abm ida arat epb pln pts dtherm tpr_shadow vnmi flexpriority ept vpid fsgsbase tsc_adjust bmi1 avx2 smep bmi2 erms invpcid xsaveopt
bugs		:
bogomips	: 5187.78
clflush size	: 64
cache_alignment	: 64
address sizes	: 39 bits physical, 48 bits virtual
power management:

processor	: 2
vendor_id	: GenuineIntel
cpu family	: 6
model		: 69
model name	: Intel(R) Core(TM) i5-4310U CPU @ 2.00GHz
stepping	: 1
microcode	: 0x1c
cpu MHz		: 2689.375
cache size	: 3072 KB
physical id	: 0
siblings	: 4
core id		: 0
cpu cores	: 2
apicid		: 1
initial apicid	: 1
fpu		: yes
fpu_exception	: yes
cpuid level	: 13
wp		: yes
flags		: fpu vme de pse tsc msr pae mce cx8 apic sep mtrr pge mca cmov pat pse36 clflush dts acpi mmx fxsr sse sse2 ss ht tm pbe syscall nx pdpe1gb rdtscp lm constant_tsc arch_perfmon pebs bts rep_good nopl xtopology nonstop_tsc aperfmperf eagerfpu pni pclmulqdq dtes64 monitor ds_cpl vmx smx est tm2 ssse3 fma cx16 xtpr pdcm pcid sse4_1 sse4_2 x2apic movbe popcnt tsc_deadline_timer aes xsave avx f16c rdrand lahf_lm abm ida arat epb pln pts dtherm tpr_shadow vnmi flexpriority ept vpid fsgsbase tsc_adjust bmi1 avx2 smep bmi2 erms invpcid xsaveopt
bugs		:
bogomips	: 5187.78
clflush size	: 64
cache_alignment	: 64
address sizes	: 39 bits physical, 48 bits virtual
power management:

processor	: 3
vendor_id	: GenuineIntel
cpu family	: 6
model		: 69
model name	: Intel(R) Core(TM) i5-4310U CPU @ 2.00GHz
stepping	: 1
microcode	: 0x1c
cpu MHz		: 2689.273
cache size	: 3072 KB
physical id	: 0
siblings	: 4
core id		: 1
cpu cores	: 2
apicid		: 3
initial apicid	: 3
fpu		: yes
fpu_exception	: yes
cpuid level	: 13
wp		: yes
flags		: fpu vme de pse tsc msr pae mce cx8 apic sep mtrr pge mca cmov pat pse36 clflush dts acpi mmx fxsr sse sse2 ss ht tm pbe syscall nx pdpe1gb rdtscp lm constant_tsc arch_perfmon pebs bts rep_good nopl xtopology nonstop_tsc aperfmperf eagerfpu pni pclmulqdq dtes64 monitor ds_cpl vmx smx est tm2 ssse3 fma cx16 xtpr pdcm pcid sse4_1 sse4_2 x2apic movbe popcnt tsc_deadline_timer aes xsave avx f16c rdrand lahf_lm abm ida arat epb pln pts dtherm tpr_shadow vnmi flexpriority ept vpid fsgsbase tsc_adjust bmi1 avx2 smep bmi2 erms invpcid xsaveopt
bugs		:
bogomips	: 5187.78
clflush size	: 64
cache_alignment	: 64
address sizes	: 39 bits physical, 48 bits virtual
power management:



Memory: 4k page, physical 8079648k(234928k free), swap 15624188k(15508340k free)

vm_info: Java HotSpot(TM) 64-Bit Server VM (25.101-b13) for linux-amd64 JRE (1.8.0_101-b13), built on Jun 22 2016 02:59:44 by "java_re" with gcc 4.3.0 20080428 (Red Hat 4.3.0-8)

time: Mon Aug  8 14:34:20 2016
elapsed time: 0 seconds (0d 0h 0m 0s)

