#
# A fatal error has been detected by the Java Runtime Environment:
#
#  SIGSEGV (0xb) at pc=0x00007f5ca1856b55, pid=26288, tid=0x00007f5ca29ac700
#
# JRE version: Java(TM) SE Runtime Environment (8.0_101-b13) (build 1.8.0_101-b13)
# Java VM: Java HotSpot(TM) 64-Bit Server VM (25.101-b13 mixed mode linux-amd64 compressed oops)
# Problematic frame:
# V  [libjvm.so+0xa97b55]  Unsafe_GetNativeAddress+0xa5
#
# Failed to write core dump. Core dumps have been disabled. To enable core dumping, try "ulimit -c unlimited" before starting Java again
#
# If you would like to submit a bug report, please visit:
#   http://bugreport.java.com/bugreport/crash.jsp
#

---------------  T H R E A D  ---------------

Current thread (0x00007f5c9c00e000):  JavaThread "main" [_thread_in_vm, id=26293, stack(0x00007f5ca28ac000,0x00007f5ca29ad000)]

siginfo: si_signo: 11 (SIGSEGV), si_code: 1 (SEGV_MAPERR), si_addr: 0x000000000000007b

Registers:
RAX=0x0000000000000000, RBX=0x00007f5c9c00e000, RCX=0x00007f5c9c005e50, RDX=0x00007f5ca1d7c0f0
RSP=0x00007f5ca29ab7f0, RBP=0x00007f5ca29ab820, RSI=0x00007f5ca29ab8b8, RDI=0x00007f5ca29ab7f0
R8 =0x0000000000000000, R9 =0x0000000000000004, R10=0x00007f5c8c0819e8, R11=0x00007f5ca1780c50
R12=0x000000000000007b, R13=0x00007f5ca1d80e80, R14=0x00007f5ca1d7c100, R15=0x00007f5c9c00e000
RIP=0x00007f5ca1856b55, EFLAGS=0x0000000000010246, CSGSFS=0x0000000000000033, ERR=0x0000000000000004
  TRAPNO=0x000000000000000e

Top of Stack: (sp=0x00007f5ca29ab7f0)
0x00007f5ca29ab7f0:   00007f5c9c00e000 00007f5c8692b990
0x00007f5ca29ab800:   00007f5c8692b990 0000000000000000
0x00007f5ca29ab810:   00007f5c8692b990 00007f5ca29ab8b8
0x00007f5ca29ab820:   00007f5ca29ab888 00007f5c8c081a14
0x00007f5ca29ab830:   00007f5ca29ab888 00007f5c8c0817a7
0x00007f5ca29ab840:   00007f5c8c081762 00007f5ca29ab848
0x00007f5ca29ab850:   00007f5c8692b990 00007f5ca29ab8b8
0x00007f5ca29ab860:   00007f5c86959088 0000000000000000
0x00007f5ca29ab870:   00007f5c8692b990 0000000000000000
0x00007f5ca29ab880:   00007f5ca29ab8a8 00007f5ca29ab908
0x00007f5ca29ab890:   00007f5c8c071dd0 0000000000000000
0x00007f5ca29ab8a0:   00007f5c8c07b537 000000000000007b
0x00007f5ca29ab8b0:   00007f5ca29ab908 00000000d6e089b8
0x00007f5ca29ab8c0:   00000000d6e1e1e0 00007f5ca29ab8c8
0x00007f5ca29ab8d0:   00007f5c86cad4ff 00007f5ca29ab948
0x00007f5ca29ab8e0:   00007f5c86cad5c0 0000000000000000
0x00007f5ca29ab8f0:   00007f5c86cad568 00007f5ca29ab8a8
0x00007f5ca29ab900:   00007f5ca29ab948 00007f5ca29ab9b0
0x00007f5ca29ab910:   00007f5c8c06a7a7 000000000000007b
0x00007f5ca29ab920:   0000000000000000 00000000d6e6af60
0x00007f5ca29ab930:   00000000d6e089b8 00000000d6e6a6a8
0x00007f5ca29ab940:   00000000d6e672f0 00000000d6e65050
0x00007f5ca29ab950:   0000000000001fa0 0000000000000000
0x00007f5ca29ab960:   00007f5c9c00e000 00007f5ca29aba30
0x00007f5ca29ab970:   00007f5ca29abbf0 00007f5ca29ab9f0
0x00007f5ca29ab980:   00007f5ca29ab9f0 00007f5ca29abd38
0x00007f5ca29ab990:   00007f5c0000000a 00007f5c86cad568
0x00007f5ca29ab9a0:   00007f5c8c07cc80 00007f5ca29abb78
0x00007f5ca29ab9b0:   00007f5ca29abb20 00007f5ca144e6b6
0x00007f5ca29ab9c0:   00007f5c00000001 00007f5c9c00e000
0x00007f5ca29ab9d0:   00007f5ca29abb70 00007f5ca29abd30
0x00007f5ca29ab9e0:   00007f5c8c07cc80 000000000000000a 

Instructions: (pc=0x00007f5ca1856b55)
0x00007f5ca1856b35:   00 00 00 30 74 08 48 89 df e8 ed 83 fd ff 48 8d
0x00007f5ca1856b45:   7d d0 c7 83 70 02 00 00 06 00 00 00 48 89 5d d0
0x00007f5ca1856b55:   4d 8b 24 24 e8 12 a5 94 ff c7 83 70 02 00 00 07
0x00007f5ca1856b65:   00 00 00 41 8b 16 83 fa 01 0f 84 84 00 00 00 48 

Register to memory mapping:

RAX=0x0000000000000000 is an unknown value
RBX=0x00007f5c9c00e000 is a thread
RCX=0x00007f5c9c005e50 is an unknown value
RDX=0x00007f5ca1d7c0f0: <offset 0xfbd0f0> in /usr/lib/jvm/java-8-oracle/jre/lib/amd64/server/libjvm.so at 0x00007f5ca0dbf000
RSP=0x00007f5ca29ab7f0 is pointing into the stack for thread: 0x00007f5c9c00e000
RBP=0x00007f5ca29ab820 is pointing into the stack for thread: 0x00007f5c9c00e000
RSI=0x00007f5ca29ab8b8 is pointing into the stack for thread: 0x00007f5c9c00e000
RDI=0x00007f5ca29ab7f0 is pointing into the stack for thread: 0x00007f5c9c00e000
R8 =0x0000000000000000 is an unknown value
R9 =0x0000000000000004 is an unknown value
R10=0x00007f5c8c0819e8 is at code_begin+808 in an Interpreter codelet
method entry point (kind = native)  [0x00007f5c8c0816c0, 0x00007f5c8c081fc0]  2304 bytes
R11=0x00007f5ca1780c50: <offset 0x9c1c50> in /usr/lib/jvm/java-8-oracle/jre/lib/amd64/server/libjvm.so at 0x00007f5ca0dbf000
R12=0x000000000000007b is an unknown value
R13=0x00007f5ca1d80e80: <offset 0xfc1e80> in /usr/lib/jvm/java-8-oracle/jre/lib/amd64/server/libjvm.so at 0x00007f5ca0dbf000
R14=0x00007f5ca1d7c100: <offset 0xfbd100> in /usr/lib/jvm/java-8-oracle/jre/lib/amd64/server/libjvm.so at 0x00007f5ca0dbf000
R15=0x00007f5c9c00e000 is a thread


Stack: [0x00007f5ca28ac000,0x00007f5ca29ad000],  sp=0x00007f5ca29ab7f0,  free space=1021k
Native frames: (J=compiled Java code, j=interpreted, Vv=VM code, C=native code)
V  [libjvm.so+0xa97b55]  Unsafe_GetNativeAddress+0xa5
j  sun.misc.Unsafe.getAddress(J)J+0
j  com.gs.ds.tree.Main.main([Ljava/lang/String;)V+63
v  ~StubRoutines::call_stub
V  [libjvm.so+0x68f6b6]  JavaCalls::call_helper(JavaValue*, methodHandle*, JavaCallArguments*, Thread*)+0x1056
V  [libjvm.so+0x6d0d42]  jni_invoke_static(JNIEnv_*, JavaValue*, _jobject*, JNICallType, _jmethodID*, JNI_ArgumentPusher*, Thread*)+0x362
V  [libjvm.so+0x6ed5aa]  jni_CallStaticVoidMethod+0x17a
C  [libjli.so+0x7bdf]  JavaMain+0x81f
C  [libpthread.so.0+0x8184]  start_thread+0xc4

Java frames: (J=compiled Java code, j=interpreted, Vv=VM code)
j  sun.misc.Unsafe.getAddress(J)J+0
j  com.gs.ds.tree.Main.main([Ljava/lang/String;)V+63
v  ~StubRoutines::call_stub

---------------  P R O C E S S  ---------------

Java Threads: ( => current thread )
  0x00007f5c9c0c4000 JavaThread "Service Thread" daemon [_thread_blocked, id=26308, stack(0x00007f5c847e1000,0x00007f5c848e2000)]
  0x00007f5c9c0c1000 JavaThread "C1 CompilerThread2" daemon [_thread_blocked, id=26307, stack(0x00007f5c848e2000,0x00007f5c849e3000)]
  0x00007f5c9c0bf800 JavaThread "C2 CompilerThread1" daemon [_thread_blocked, id=26306, stack(0x00007f5c849e3000,0x00007f5c84ae4000)]
  0x00007f5c9c0bc800 JavaThread "C2 CompilerThread0" daemon [_thread_blocked, id=26305, stack(0x00007f5c84ae4000,0x00007f5c84be5000)]
  0x00007f5c9c0bb000 JavaThread "Signal Dispatcher" daemon [_thread_blocked, id=26304, stack(0x00007f5c84be5000,0x00007f5c84ce6000)]
  0x00007f5c9c088000 JavaThread "Finalizer" daemon [_thread_blocked, id=26303, stack(0x00007f5c853c8000,0x00007f5c854c9000)]
  0x00007f5c9c083800 JavaThread "Reference Handler" daemon [_thread_blocked, id=26302, stack(0x00007f5c854c9000,0x00007f5c855ca000)]
=>0x00007f5c9c00e000 JavaThread "main" [_thread_in_vm, id=26293, stack(0x00007f5ca28ac000,0x00007f5ca29ad000)]

Other Threads:
  0x00007f5c9c07c000 VMThread [stack: 0x00007f5c855ca000,0x00007f5c856cb000] [id=26301]
  0x00007f5c9c0c7000 WatcherThread [stack: 0x00007f5c846e0000,0x00007f5c847e1000] [id=26309]

VM state:not at safepoint (normal execution)

VM Mutex/Monitor currently owned by a thread: None

Heap:
 PSYoungGen      total 36864K, used 634K [0x00000000d6e00000, 0x00000000d9700000, 0x0000000100000000)
  eden space 31744K, 2% used [0x00000000d6e00000,0x00000000d6e9eb90,0x00000000d8d00000)
  from space 5120K, 0% used [0x00000000d9200000,0x00000000d9200000,0x00000000d9700000)
  to   space 5120K, 0% used [0x00000000d8d00000,0x00000000d8d00000,0x00000000d9200000)
 ParOldGen       total 84992K, used 0K [0x0000000084a00000, 0x0000000089d00000, 0x00000000d6e00000)
  object space 84992K, 0% used [0x0000000084a00000,0x0000000084a00000,0x0000000089d00000)
 Metaspace       used 2518K, capacity 4492K, committed 4864K, reserved 1056768K
  class space    used 276K, capacity 388K, committed 512K, reserved 1048576K

Card table byte_map: [0x00007f5c8b8ce000,0x00007f5c8bcaa000] byte_map_base: 0x00007f5c8b4a9000

Marking Bits: (ParMarkBitMap*) 0x00007f5ca1d80120
 Begin Bits: [0x00007f5c87488000, 0x00007f5c89360000)
 End Bits:   [0x00007f5c89360000, 0x00007f5c8b238000)

Polling page: 0x00007f5ca29c9000

CodeCache: size=245760Kb used=1072Kb max_used=1072Kb free=244687Kb
 bounds [0x00007f5c8c06a000, 0x00007f5c8c2da000, 0x00007f5c9b06a000]
 total_blobs=238 nmethods=10 adapters=143
 compilation: enabled

Compilation events (10 events):
Event: 0.258 Thread 0x00007f5c9c0c1000    9       3       java.lang.String::indexOf (70 bytes)
Event: 0.258 Thread 0x00007f5c9c0c1000 nmethod 9 0x00007f5c8c174190 code [0x00007f5c8c174320, 0x00007f5c8c1746a8]
Event: 0.258 Thread 0x00007f5c9c0c1000    8       3       java.lang.Object::<init> (1 bytes)
Event: 0.258 Thread 0x00007f5c9c0c1000 nmethod 8 0x00007f5c8c1747d0 code [0x00007f5c8c174940, 0x00007f5c8c174a90]
Event: 0.258 Thread 0x00007f5c9c0c1000    6       3       java.lang.String::length (6 bytes)
Event: 0.259 Thread 0x00007f5c9c0c1000 nmethod 6 0x00007f5c8c174b10 code [0x00007f5c8c174c80, 0x00007f5c8c174dd0]
Event: 0.259 Thread 0x00007f5c9c0c1000    7       3       java.lang.AbstractStringBuilder::ensureCapacityInternal (16 bytes)
Event: 0.259 Thread 0x00007f5c9c0c1000 nmethod 7 0x00007f5c8c174e90 code [0x00007f5c8c175000, 0x00007f5c8c175248]
Event: 0.262 Thread 0x00007f5c9c0c1000   10       3       java.lang.AbstractStringBuilder::append (50 bytes)
Event: 0.263 Thread 0x00007f5c9c0c1000 nmethod 10 0x00007f5c8c175b10 code [0x00007f5c8c175cc0, 0x00007f5c8c1761c8]

GC Heap History (0 events):
No events

Deoptimization events (0 events):
No events

Internal exceptions (2 events):
Event: 0.170 Thread 0x00007f5c9c00e000 Exception <a 'java/lang/NoSuchMethodError': Method sun.misc.Unsafe.defineClass(Ljava/lang/String;[BII)Ljava/lang/Class; name or signature does not match> (0x00000000d6e07cc0) thrown at [/HUDSON3/workspace/8-2-build-linux-amd64/jdk8u101/7261/hotspot/src/sh
Event: 0.170 Thread 0x00007f5c9c00e000 Exception <a 'java/lang/NoSuchMethodError': Method sun.misc.Unsafe.prefetchRead(Ljava/lang/Object;J)V name or signature does not match> (0x00000000d6e07fa8) thrown at [/HUDSON3/workspace/8-2-build-linux-amd64/jdk8u101/7261/hotspot/src/share/vm/prims/jni.c

Events (10 events):
Event: 0.269 loading class sun/reflect/UnsafeQualifiedStaticObjectFieldAccessorImpl
Event: 0.269 loading class sun/reflect/UnsafeQualifiedStaticFieldAccessorImpl
Event: 0.269 loading class sun/reflect/UnsafeQualifiedStaticFieldAccessorImpl done
Event: 0.269 loading class sun/reflect/UnsafeQualifiedStaticObjectFieldAccessorImpl done
Event: 0.269 loading class java/util/HashMap$EntrySet
Event: 0.269 loading class java/util/HashMap$EntrySet done
Event: 0.269 loading class java/util/HashMap$EntryIterator
Event: 0.269 loading class java/util/HashMap$HashIterator
Event: 0.269 loading class java/util/HashMap$HashIterator done
Event: 0.269 loading class java/util/HashMap$EntryIterator done


Dynamic libraries:
00400000-00401000 r-xp 00000000 08:06 3016108                            /usr/lib/jvm/java-8-oracle/bin/java
00600000-00601000 rw-p 00000000 08:06 3016108                            /usr/lib/jvm/java-8-oracle/bin/java
024a1000-024c2000 rw-p 00000000 00:00 0                                  [heap]
84a00000-89d00000 rw-p 00000000 00:00 0 
89d00000-d6e00000 ---p 00000000 00:00 0 
d6e00000-d9700000 rw-p 00000000 00:00 0 
d9700000-100000000 ---p 00000000 00:00 0 
100000000-100080000 rw-p 00000000 00:00 0 
100080000-140000000 ---p 00000000 00:00 0 
7f5c50000000-7f5c50021000 rw-p 00000000 00:00 0 
7f5c50021000-7f5c54000000 ---p 00000000 00:00 0 
7f5c54000000-7f5c54021000 rw-p 00000000 00:00 0 
7f5c54021000-7f5c58000000 ---p 00000000 00:00 0 
7f5c58000000-7f5c58021000 rw-p 00000000 00:00 0 
7f5c58021000-7f5c5c000000 ---p 00000000 00:00 0 
7f5c5c000000-7f5c5c021000 rw-p 00000000 00:00 0 
7f5c5c021000-7f5c60000000 ---p 00000000 00:00 0 
7f5c60000000-7f5c60021000 rw-p 00000000 00:00 0 
7f5c60021000-7f5c64000000 ---p 00000000 00:00 0 
7f5c64000000-7f5c6404e000 rw-p 00000000 00:00 0 
7f5c6404e000-7f5c68000000 ---p 00000000 00:00 0 
7f5c68000000-7f5c68021000 rw-p 00000000 00:00 0 
7f5c68021000-7f5c6c000000 ---p 00000000 00:00 0 
7f5c6c000000-7f5c6c021000 rw-p 00000000 00:00 0 
7f5c6c021000-7f5c70000000 ---p 00000000 00:00 0 
7f5c70000000-7f5c70021000 rw-p 00000000 00:00 0 
7f5c70021000-7f5c74000000 ---p 00000000 00:00 0 
7f5c74000000-7f5c74021000 rw-p 00000000 00:00 0 
7f5c74021000-7f5c78000000 ---p 00000000 00:00 0 
7f5c78000000-7f5c78021000 rw-p 00000000 00:00 0 
7f5c78021000-7f5c7c000000 ---p 00000000 00:00 0 
7f5c7c000000-7f5c7c021000 rw-p 00000000 00:00 0 
7f5c7c021000-7f5c80000000 ---p 00000000 00:00 0 
7f5c80000000-7f5c80021000 rw-p 00000000 00:00 0 
7f5c80021000-7f5c84000000 ---p 00000000 00:00 0 
7f5c84459000-7f5c846e0000 rw-p 00000000 00:00 0 
7f5c846e0000-7f5c846e1000 ---p 00000000 00:00 0 
7f5c846e1000-7f5c847e1000 rw-p 00000000 00:00 0                          [stack:26309]
7f5c847e1000-7f5c847e4000 ---p 00000000 00:00 0 
7f5c847e4000-7f5c848e2000 rw-p 00000000 00:00 0                          [stack:26308]
7f5c848e2000-7f5c848e5000 ---p 00000000 00:00 0 
7f5c848e5000-7f5c849e3000 rw-p 00000000 00:00 0                          [stack:26307]
7f5c849e3000-7f5c849e6000 ---p 00000000 00:00 0 
7f5c849e6000-7f5c84ae4000 rw-p 00000000 00:00 0                          [stack:26306]
7f5c84ae4000-7f5c84ae7000 ---p 00000000 00:00 0 
7f5c84ae7000-7f5c84be5000 rw-p 00000000 00:00 0                          [stack:26305]
7f5c84be5000-7f5c84be8000 ---p 00000000 00:00 0 
7f5c84be8000-7f5c84ce6000 rw-p 00000000 00:00 0                          [stack:26304]
7f5c84ce6000-7f5c853c8000 r--p 00000000 08:06 2890681                    /usr/lib/locale/locale-archive
7f5c853c8000-7f5c853cb000 ---p 00000000 00:00 0 
7f5c853cb000-7f5c854c9000 rw-p 00000000 00:00 0                          [stack:26303]
7f5c854c9000-7f5c854cc000 ---p 00000000 00:00 0 
7f5c854cc000-7f5c855ca000 rw-p 00000000 00:00 0                          [stack:26302]
7f5c855ca000-7f5c855cb000 ---p 00000000 00:00 0 
7f5c855cb000-7f5c8665e000 rw-p 00000000 00:00 0                          [stack:26301]
7f5c8665e000-7f5c86837000 r--s 03d29000 08:06 3016241                    /usr/lib/jvm/java-8-oracle/jre/lib/rt.jar
7f5c86837000-7f5c86ced000 rw-p 00000000 00:00 0 
7f5c86ced000-7f5c870ad000 ---p 00000000 00:00 0 
7f5c870ad000-7f5c8b238000 rw-p 00000000 00:00 0 
7f5c8b238000-7f5c8b239000 ---p 00000000 00:00 0 
7f5c8b239000-7f5c8b339000 rw-p 00000000 00:00 0                          [stack:26299]
7f5c8b339000-7f5c8b33a000 ---p 00000000 00:00 0 
7f5c8b33a000-7f5c8b43a000 rw-p 00000000 00:00 0                          [stack:26298]
7f5c8b43a000-7f5c8b43b000 ---p 00000000 00:00 0 
7f5c8b43b000-7f5c8b53b000 rw-p 00000000 00:00 0                          [stack:26297]
7f5c8b53b000-7f5c8b53c000 ---p 00000000 00:00 0 
7f5c8b53c000-7f5c8b666000 rw-p 00000000 00:00 0                          [stack:26296]
7f5c8b666000-7f5c8b8ce000 ---p 00000000 00:00 0 
7f5c8b8ce000-7f5c8b8f8000 rw-p 00000000 00:00 0 
7f5c8b8f8000-7f5c8bb60000 ---p 00000000 00:00 0 
7f5c8bb60000-7f5c8bb75000 rw-p 00000000 00:00 0 
7f5c8bb75000-7f5c8bca9000 ---p 00000000 00:00 0 
7f5c8bca9000-7f5c8bcb4000 rw-p 00000000 00:00 0 
7f5c8bcb4000-7f5c8c06a000 ---p 00000000 00:00 0 
7f5c8c06a000-7f5c8c2da000 rwxp 00000000 00:00 0 
7f5c8c2da000-7f5c9b06a000 ---p 00000000 00:00 0 
7f5c9b06a000-7f5c9b084000 r-xp 00000000 08:06 3151345                    /usr/lib/jvm/java-8-oracle/jre/lib/amd64/libzip.so
7f5c9b084000-7f5c9b284000 ---p 0001a000 08:06 3151345                    /usr/lib/jvm/java-8-oracle/jre/lib/amd64/libzip.so
7f5c9b284000-7f5c9b285000 rw-p 0001a000 08:06 3151345                    /usr/lib/jvm/java-8-oracle/jre/lib/amd64/libzip.so
7f5c9b285000-7f5c9b288000 r-xp 00000000 08:06 8126582                    /opt/pbis/lib/libuuid.so.0.0.0
7f5c9b288000-7f5c9b387000 ---p 00003000 08:06 8126582                    /opt/pbis/lib/libuuid.so.0.0.0
7f5c9b387000-7f5c9b388000 rw-p 00002000 08:06 8126582                    /opt/pbis/lib/libuuid.so.0.0.0
7f5c9b388000-7f5c9b414000 r-xp 00000000 08:06 8126578                    /opt/pbis/lib/liblwbase_nothr.so.0.0.0
7f5c9b414000-7f5c9b513000 ---p 0008c000 08:06 8126578                    /opt/pbis/lib/liblwbase_nothr.so.0.0.0
7f5c9b513000-7f5c9b53f000 rw-p 0008b000 08:06 8126578                    /opt/pbis/lib/liblwbase_nothr.so.0.0.0
7f5c9b53f000-7f5c9b541000 rw-p 00000000 00:00 0 
7f5c9b541000-7f5c9b566000 r-xp 00000000 08:06 8126607                    /opt/pbis/lib/liblsacommon.so.0.0.0
7f5c9b566000-7f5c9b666000 ---p 00025000 08:06 8126607                    /opt/pbis/lib/liblsacommon.so.0.0.0
7f5c9b666000-7f5c9b672000 rw-p 00025000 08:06 8126607                    /opt/pbis/lib/liblsacommon.so.0.0.0
7f5c9b672000-7f5c9b69b000 r-xp 00000000 08:06 8126614                    /opt/pbis/lib/liblwadvapi_nothr.so.0.0.0
7f5c9b69b000-7f5c9b79b000 ---p 00029000 08:06 8126614                    /opt/pbis/lib/liblwadvapi_nothr.so.0.0.0
7f5c9b79b000-7f5c9b7a3000 rw-p 00029000 08:06 8126614                    /opt/pbis/lib/liblwadvapi_nothr.so.0.0.0
7f5c9b7a3000-7f5c9b7c1000 r-xp 00000000 08:06 8126574                    /opt/pbis/lib/liblwmsg_nothr.so.0.0.0
7f5c9b7c1000-7f5c9b8c0000 ---p 0001e000 08:06 8126574                    /opt/pbis/lib/liblwmsg_nothr.so.0.0.0
7f5c9b8c0000-7f5c9b8c3000 rw-p 0001d000 08:06 8126574                    /opt/pbis/lib/liblwmsg_nothr.so.0.0.0
7f5c9b8c3000-7f5c9b8c6000 r-xp 00000000 08:06 8126549                    /opt/pbis/lib/liblsaauth.so.0.0.0
7f5c9b8c6000-7f5c9b9c5000 ---p 00003000 08:06 8126549                    /opt/pbis/lib/liblsaauth.so.0.0.0
7f5c9b9c5000-7f5c9b9c6000 rw-p 00002000 08:06 8126549                    /opt/pbis/lib/liblsaauth.so.0.0.0
7f5c9b9c6000-7f5c9b9e2000 r-xp 00000000 08:06 8126620                    /opt/pbis/lib/liblsaclient.so.0.0.0
7f5c9b9e2000-7f5c9bae2000 ---p 0001c000 08:06 8126620                    /opt/pbis/lib/liblsaclient.so.0.0.0
7f5c9bae2000-7f5c9bae3000 rw-p 0001c000 08:06 8126620                    /opt/pbis/lib/liblsaclient.so.0.0.0
7f5c9bae3000-7f5c9bae8000 r-xp 00000000 08:06 7602205                    /lib/libnss_lsass.so.2
7f5c9bae8000-7f5c9bbe8000 ---p 00005000 08:06 7602205                    /lib/libnss_lsass.so.2
7f5c9bbe8000-7f5c9bbe9000 rw-p 00005000 08:06 7602205                    /lib/libnss_lsass.so.2
7f5c9bbe9000-7f5c9bbf3000 r-xp 00000000 08:06 7606671                    /lib/x86_64-linux-gnu/libnss_files-2.19.so
7f5c9bbf3000-7f5c9bdf2000 ---p 0000a000 08:06 7606671                    /lib/x86_64-linux-gnu/libnss_files-2.19.so
7f5c9bdf2000-7f5c9bdf3000 r--p 00009000 08:06 7606671                    /lib/x86_64-linux-gnu/libnss_files-2.19.so
7f5c9bdf3000-7f5c9bdf4000 rw-p 0000a000 08:06 7606671                    /lib/x86_64-linux-gnu/libnss_files-2.19.so
7f5c9bdf4000-7f5c9bdff000 r-xp 00000000 08:06 7606320                    /lib/x86_64-linux-gnu/libnss_nis-2.19.so
7f5c9bdff000-7f5c9bffe000 ---p 0000b000 08:06 7606320                    /lib/x86_64-linux-gnu/libnss_nis-2.19.so
7f5c9bffe000-7f5c9bfff000 r--p 0000a000 08:06 7606320                    /lib/x86_64-linux-gnu/libnss_nis-2.19.so
7f5c9bfff000-7f5c9c000000 rw-p 0000b000 08:06 7606320                    /lib/x86_64-linux-gnu/libnss_nis-2.19.so
7f5c9c000000-7f5c9c0f4000 rw-p 00000000 00:00 0 
7f5c9c0f4000-7f5ca0000000 ---p 00000000 00:00 0 
7f5ca0003000-7f5ca0052000 rw-p 00000000 00:00 0 
7f5ca0052000-7f5ca0069000 r-xp 00000000 08:06 7602277                    /lib/x86_64-linux-gnu/libnsl-2.19.so
7f5ca0069000-7f5ca0268000 ---p 00017000 08:06 7602277                    /lib/x86_64-linux-gnu/libnsl-2.19.so
7f5ca0268000-7f5ca0269000 r--p 00016000 08:06 7602277                    /lib/x86_64-linux-gnu/libnsl-2.19.so
7f5ca0269000-7f5ca026a000 rw-p 00017000 08:06 7602277                    /lib/x86_64-linux-gnu/libnsl-2.19.so
7f5ca026a000-7f5ca026c000 rw-p 00000000 00:00 0 
7f5ca026c000-7f5ca0275000 r-xp 00000000 08:06 7602276                    /lib/x86_64-linux-gnu/libnss_compat-2.19.so
7f5ca0275000-7f5ca0474000 ---p 00009000 08:06 7602276                    /lib/x86_64-linux-gnu/libnss_compat-2.19.so
7f5ca0474000-7f5ca0475000 r--p 00008000 08:06 7602276                    /lib/x86_64-linux-gnu/libnss_compat-2.19.so
7f5ca0475000-7f5ca0476000 rw-p 00009000 08:06 7602276                    /lib/x86_64-linux-gnu/libnss_compat-2.19.so
7f5ca0476000-7f5ca04a0000 r-xp 00000000 08:06 3151352                    /usr/lib/jvm/java-8-oracle/jre/lib/amd64/libjava.so
7f5ca04a0000-7f5ca06a0000 ---p 0002a000 08:06 3151352                    /usr/lib/jvm/java-8-oracle/jre/lib/amd64/libjava.so
7f5ca06a0000-7f5ca06a2000 rw-p 0002a000 08:06 3151352                    /usr/lib/jvm/java-8-oracle/jre/lib/amd64/libjava.so
7f5ca06a2000-7f5ca06af000 r-xp 00000000 08:06 3151346                    /usr/lib/jvm/java-8-oracle/jre/lib/amd64/libverify.so
7f5ca06af000-7f5ca08af000 ---p 0000d000 08:06 3151346                    /usr/lib/jvm/java-8-oracle/jre/lib/amd64/libverify.so
7f5ca08af000-7f5ca08b1000 rw-p 0000d000 08:06 3151346                    /usr/lib/jvm/java-8-oracle/jre/lib/amd64/libverify.so
7f5ca08b1000-7f5ca08b8000 r-xp 00000000 08:06 7606667                    /lib/x86_64-linux-gnu/librt-2.19.so
7f5ca08b8000-7f5ca0ab7000 ---p 00007000 08:06 7606667                    /lib/x86_64-linux-gnu/librt-2.19.so
7f5ca0ab7000-7f5ca0ab8000 r--p 00006000 08:06 7606667                    /lib/x86_64-linux-gnu/librt-2.19.so
7f5ca0ab8000-7f5ca0ab9000 rw-p 00007000 08:06 7606667                    /lib/x86_64-linux-gnu/librt-2.19.so
7f5ca0ab9000-7f5ca0bbe000 r-xp 00000000 08:06 7602271                    /lib/x86_64-linux-gnu/libm-2.19.so
7f5ca0bbe000-7f5ca0dbd000 ---p 00105000 08:06 7602271                    /lib/x86_64-linux-gnu/libm-2.19.so
7f5ca0dbd000-7f5ca0dbe000 r--p 00104000 08:06 7602271                    /lib/x86_64-linux-gnu/libm-2.19.so
7f5ca0dbe000-7f5ca0dbf000 rw-p 00105000 08:06 7602271                    /lib/x86_64-linux-gnu/libm-2.19.so
7f5ca0dbf000-7f5ca1a8a000 r-xp 00000000 08:06 3151325                    /usr/lib/jvm/java-8-oracle/jre/lib/amd64/server/libjvm.so
7f5ca1a8a000-7f5ca1c89000 ---p 00ccb000 08:06 3151325                    /usr/lib/jvm/java-8-oracle/jre/lib/amd64/server/libjvm.so
7f5ca1c89000-7f5ca1d62000 rw-p 00cca000 08:06 3151325                    /usr/lib/jvm/java-8-oracle/jre/lib/amd64/server/libjvm.so
7f5ca1d62000-7f5ca1dad000 rw-p 00000000 00:00 0 
7f5ca1dad000-7f5ca1f67000 r-xp 00000000 08:06 7606668                    /lib/x86_64-linux-gnu/libc-2.19.so
7f5ca1f67000-7f5ca2167000 ---p 001ba000 08:06 7606668                    /lib/x86_64-linux-gnu/libc-2.19.so
7f5ca2167000-7f5ca216b000 r--p 001ba000 08:06 7606668                    /lib/x86_64-linux-gnu/libc-2.19.so
7f5ca216b000-7f5ca216d000 rw-p 001be000 08:06 7606668                    /lib/x86_64-linux-gnu/libc-2.19.so
7f5ca216d000-7f5ca2172000 rw-p 00000000 00:00 0 
7f5ca2172000-7f5ca2175000 r-xp 00000000 08:06 7602273                    /lib/x86_64-linux-gnu/libdl-2.19.so
7f5ca2175000-7f5ca2374000 ---p 00003000 08:06 7602273                    /lib/x86_64-linux-gnu/libdl-2.19.so
7f5ca2374000-7f5ca2375000 r--p 00002000 08:06 7602273                    /lib/x86_64-linux-gnu/libdl-2.19.so
7f5ca2375000-7f5ca2376000 rw-p 00003000 08:06 7602273                    /lib/x86_64-linux-gnu/libdl-2.19.so
7f5ca2376000-7f5ca238b000 r-xp 00000000 08:06 3419043                    /usr/lib/jvm/java-8-oracle/lib/amd64/jli/libjli.so
7f5ca238b000-7f5ca258b000 ---p 00015000 08:06 3419043                    /usr/lib/jvm/java-8-oracle/lib/amd64/jli/libjli.so
7f5ca258b000-7f5ca258c000 rw-p 00015000 08:06 3419043                    /usr/lib/jvm/java-8-oracle/lib/amd64/jli/libjli.so
7f5ca258c000-7f5ca25a5000 r-xp 00000000 08:06 7602278                    /lib/x86_64-linux-gnu/libpthread-2.19.so
7f5ca25a5000-7f5ca27a4000 ---p 00019000 08:06 7602278                    /lib/x86_64-linux-gnu/libpthread-2.19.so
7f5ca27a4000-7f5ca27a5000 r--p 00018000 08:06 7602278                    /lib/x86_64-linux-gnu/libpthread-2.19.so
7f5ca27a5000-7f5ca27a6000 rw-p 00019000 08:06 7602278                    /lib/x86_64-linux-gnu/libpthread-2.19.so
7f5ca27a6000-7f5ca27aa000 rw-p 00000000 00:00 0 
7f5ca27aa000-7f5ca27cd000 r-xp 00000000 08:06 7602279                    /lib/x86_64-linux-gnu/ld-2.19.so
7f5ca27e1000-7f5ca28ac000 rw-p 00000000 00:00 0 
7f5ca28ac000-7f5ca28af000 ---p 00000000 00:00 0 
7f5ca28af000-7f5ca29b1000 rw-p 00000000 00:00 0                          [stack:26293]
7f5ca29bd000-7f5ca29c0000 rw-p 00000000 00:00 0 
7f5ca29c0000-7f5ca29c8000 rw-s 00000000 08:06 4593909                    /tmp/hsperfdata_govinda.verma/26288
7f5ca29c8000-7f5ca29c9000 rw-p 00000000 00:00 0 
7f5ca29c9000-7f5ca29ca000 r--p 00000000 00:00 0 
7f5ca29ca000-7f5ca29cc000 rw-p 00000000 00:00 0 
7f5ca29cc000-7f5ca29cd000 r--p 00022000 08:06 7602279                    /lib/x86_64-linux-gnu/ld-2.19.so
7f5ca29cd000-7f5ca29ce000 rw-p 00023000 08:06 7602279                    /lib/x86_64-linux-gnu/ld-2.19.so
7f5ca29ce000-7f5ca29cf000 rw-p 00000000 00:00 0 
7ffdca07a000-7ffdca09c000 rw-p 00000000 00:00 0                          [stack]
7ffdca19c000-7ffdca19e000 r--p 00000000 00:00 0                          [vvar]
7ffdca19e000-7ffdca1a0000 r-xp 00000000 00:00 0                          [vdso]
ffffffffff600000-ffffffffff601000 r-xp 00000000 00:00 0                  [vsyscall]

VM Arguments:
jvm_args: -Dfile.encoding=UTF-8 
java_command: com.gs.ds.tree.Main ulimit -c unlimited
java_class_path (initial): /home/local/JASPERINDIA/govinda.verma/govind/workspace/d/bin:/home/local/JASPERINDIA/govinda.verma/govind/workspace/d/httpclient-4.5.1.jar:/home/local/JASPERINDIA/govinda.verma/govind/workspace/d/httpcore-4.4.4.jar:/home/local/JASPERINDIA/govinda.verma/govind/workspace/d/commons-logging-1.2.jar:/home/local/JASPERINDIA/govinda.verma/govind/workspace/d/gson-2.4.jar:/home/local/JASPERINDIA/govinda.verma/govind/workspace/d/esapi-2.1.0.jar:/home/local/JASPERINDIA/govinda.verma/govind/workspace/d/lib/rt.jar:/home/local/JASPERINDIA/govinda.verma/.m2/repository/javax/validation/validation-api/1.0.0.GA/validation-api-1.0.0.GA.jar:/usr/lib/jvm/java-8-oracle/jre/lib/rt.jar
Launcher Type: SUN_STANDARD

Environment Variables:
PATH=/usr/local/sbin:/usr/local/bin:/usr/sbin:/usr/bin:/sbin:/bin:/usr/games:/usr/local/games
SHELL=/bin/bash
DISPLAY=:0

Signal Handlers:
SIGSEGV: [libjvm.so+0xac4790], sa_mask[0]=11111111011111111101111111111110, sa_flags=SA_RESTART|SA_SIGINFO
SIGBUS: [libjvm.so+0xac4790], sa_mask[0]=11111111011111111101111111111110, sa_flags=SA_RESTART|SA_SIGINFO
SIGFPE: [libjvm.so+0x91f140], sa_mask[0]=11111111011111111101111111111110, sa_flags=SA_RESTART|SA_SIGINFO
SIGPIPE: [libjvm.so+0x91f140], sa_mask[0]=11111111011111111101111111111110, sa_flags=SA_RESTART|SA_SIGINFO
SIGXFSZ: [libjvm.so+0x91f140], sa_mask[0]=11111111011111111101111111111110, sa_flags=SA_RESTART|SA_SIGINFO
SIGILL: [libjvm.so+0x91f140], sa_mask[0]=11111111011111111101111111111110, sa_flags=SA_RESTART|SA_SIGINFO
SIGUSR1: SIG_DFL, sa_mask[0]=00000000000000000000000000000000, sa_flags=none
SIGUSR2: [libjvm.so+0x920770], sa_mask[0]=00100000000000000000000000000000, sa_flags=SA_RESTART|SA_SIGINFO
SIGHUP: [libjvm.so+0x921b70], sa_mask[0]=11111111011111111101111111111110, sa_flags=SA_RESTART|SA_SIGINFO
SIGINT: [libjvm.so+0x921b70], sa_mask[0]=11111111011111111101111111111110, sa_flags=SA_RESTART|SA_SIGINFO
SIGTERM: [libjvm.so+0x921b70], sa_mask[0]=11111111011111111101111111111110, sa_flags=SA_RESTART|SA_SIGINFO
SIGQUIT: [libjvm.so+0x921b70], sa_mask[0]=11111111011111111101111111111110, sa_flags=SA_RESTART|SA_SIGINFO


---------------  S Y S T E M  ---------------

OS:DISTRIB_ID=Ubuntu
DISTRIB_RELEASE=14.04
DISTRIB_CODENAME=trusty
DISTRIB_DESCRIPTION="Ubuntu 14.04.3 LTS"

uname:Linux 3.19.0-25-generic #26~14.04.1-Ubuntu SMP Fri Jul 24 21:16:20 UTC 2015 x86_64
libc:glibc 2.19 NPTL 2.19 
rlimit: STACK 8192k, CORE 0k, NPROC 31477, NOFILE 4096, AS infinity
load average:3.09 2.97 2.67

/proc/meminfo:
MemTotal:        8079648 kB
MemFree:          214760 kB
MemAvailable:    1271088 kB
Buffers:           95020 kB
Cached:          1958036 kB
SwapCached:         4940 kB
Active:          5989656 kB
Inactive:        1594200 kB
Active(anon):    5257260 kB
Inactive(anon):  1140636 kB
Active(file):     732396 kB
Inactive(file):   453564 kB
Unevictable:         128 kB
Mlocked:             128 kB
SwapTotal:      15624188 kB
SwapFree:       15509372 kB
Dirty:               100 kB
Writeback:             0 kB
AnonPages:       5526684 kB
Mapped:           950912 kB
Shmem:            867096 kB
Slab:             124688 kB
SReclaimable:      78624 kB
SUnreclaim:        46064 kB
KernelStack:       16928 kB
PageTables:        76612 kB
NFS_Unstable:          0 kB
Bounce:                0 kB
WritebackTmp:          0 kB
CommitLimit:    19664012 kB
Committed_AS:   18876884 kB
VmallocTotal:   34359738367 kB
VmallocUsed:      360540 kB
VmallocChunk:   34359278700 kB
HardwareCorrupted:     0 kB
AnonHugePages:   2361344 kB
CmaTotal:              0 kB
CmaFree:               0 kB
HugePages_Total:       0
HugePages_Free:        0
HugePages_Rsvd:        0
HugePages_Surp:        0
Hugepagesize:       2048 kB
DirectMap4k:      237456 kB
DirectMap2M:     8054784 kB
DirectMap1G:     1048576 kB


CPU:total 4 (2 cores per cpu, 2 threads per core) family 6 model 69 stepping 1, cmov, cx8, fxsr, mmx, sse, sse2, sse3, ssse3, sse4.1, sse4.2, popcnt, avx, avx2, aes, clmul, erms, lzcnt, ht, tsc, tscinvbit, bmi1, bmi2

/proc/cpuinfo:
processor	: 0
vendor_id	: GenuineIntel
cpu family	: 6
model		: 69
model name	: Intel(R) Core(TM) i5-4310U CPU @ 2.00GHz
stepping	: 1
microcode	: 0x1c
cpu MHz		: 2682.875
cache size	: 3072 KB
physical id	: 0
siblings	: 4
core id		: 0
cpu cores	: 2
apicid		: 0
initial apicid	: 0
fpu		: yes
fpu_exception	: yes
cpuid level	: 13
wp		: yes
flags		: fpu vme de pse tsc msr pae mce cx8 apic sep mtrr pge mca cmov pat pse36 clflush dts acpi mmx fxsr sse sse2 ss ht tm pbe syscall nx pdpe1gb rdtscp lm constant_tsc arch_perfmon pebs bts rep_good nopl xtopology nonstop_tsc aperfmperf eagerfpu pni pclmulqdq dtes64 monitor ds_cpl vmx smx est tm2 ssse3 fma cx16 xtpr pdcm pcid sse4_1 sse4_2 x2apic movbe popcnt tsc_deadline_timer aes xsave avx f16c rdrand lahf_lm abm ida arat epb pln pts dtherm tpr_shadow vnmi flexpriority ept vpid fsgsbase tsc_adjust bmi1 avx2 smep bmi2 erms invpcid xsaveopt
bugs		:
bogomips	: 5187.78
clflush size	: 64
cache_alignment	: 64
address sizes	: 39 bits physical, 48 bits virtual
power management:

processor	: 1
vendor_id	: GenuineIntel
cpu family	: 6
model		: 69
model name	: Intel(R) Core(TM) i5-4310U CPU @ 2.00GHz
stepping	: 1
microcode	: 0x1c
cpu MHz		: 2690.695
cache size	: 3072 KB
physical id	: 0
siblings	: 4
core id		: 1
cpu cores	: 2
apicid		: 2
initial apicid	: 2
fpu		: yes
fpu_exception	: yes
cpuid level	: 13
wp		: yes
flags		: fpu vme de pse tsc msr pae mce cx8 apic sep mtrr pge mca cmov pat pse36 clflush dts acpi mmx fxsr sse sse2 ss ht tm pbe syscall nx pdpe1gb rdtscp lm constant_tsc arch_perfmon pebs bts rep_good nopl xtopology nonstop_tsc aperfmperf eagerfpu pni pclmulqdq dtes64 monitor ds_cpl vmx smx est tm2 ssse3 fma cx16 xtpr pdcm pcid sse4_1 sse4_2 x2apic movbe popcnt tsc_deadline_timer aes xsave avx f16c rdrand lahf_lm abm ida arat epb pln pts dtherm tpr_shadow vnmi flexpriority ept vpid fsgsbase tsc_adjust bmi1 avx2 smep bmi2 erms invpcid xsaveopt
bugs		:
bogomips	: 5187.78
clflush size	: 64
cache_alignment	: 64
address sizes	: 39 bits physical, 48 bits virtual
power management:

processor	: 2
vendor_id	: GenuineIntel
cpu family	: 6
model		: 69
model name	: Intel(R) Core(TM) i5-4310U CPU @ 2.00GHz
stepping	: 1
microcode	: 0x1c
cpu MHz		: 2682.875
cache size	: 3072 KB
physical id	: 0
siblings	: 4
core id		: 0
cpu cores	: 2
apicid		: 1
initial apicid	: 1
fpu		: yes
fpu_exception	: yes
cpuid level	: 13
wp		: yes
flags		: fpu vme de pse tsc msr pae mce cx8 apic sep mtrr pge mca cmov pat pse36 clflush dts acpi mmx fxsr sse sse2 ss ht tm pbe syscall nx pdpe1gb rdtscp lm constant_tsc arch_perfmon pebs bts rep_good nopl xtopology nonstop_tsc aperfmperf eagerfpu pni pclmulqdq dtes64 monitor ds_cpl vmx smx est tm2 ssse3 fma cx16 xtpr pdcm pcid sse4_1 sse4_2 x2apic movbe popcnt tsc_deadline_timer aes xsave avx f16c rdrand lahf_lm abm ida arat epb pln pts dtherm tpr_shadow vnmi flexpriority ept vpid fsgsbase tsc_adjust bmi1 avx2 smep bmi2 erms invpcid xsaveopt
bugs		:
bogomips	: 5187.78
clflush size	: 64
cache_alignment	: 64
address sizes	: 39 bits physical, 48 bits virtual
power management:

processor	: 3
vendor_id	: GenuineIntel
cpu family	: 6
model		: 69
model name	: Intel(R) Core(TM) i5-4310U CPU @ 2.00GHz
stepping	: 1
microcode	: 0x1c
cpu MHz		: 2686.835
cache size	: 3072 KB
physical id	: 0
siblings	: 4
core id		: 1
cpu cores	: 2
apicid		: 3
initial apicid	: 3
fpu		: yes
fpu_exception	: yes
cpuid level	: 13
wp		: yes
flags		: fpu vme de pse tsc msr pae mce cx8 apic sep mtrr pge mca cmov pat pse36 clflush dts acpi mmx fxsr sse sse2 ss ht tm pbe syscall nx pdpe1gb rdtscp lm constant_tsc arch_perfmon pebs bts rep_good nopl xtopology nonstop_tsc aperfmperf eagerfpu pni pclmulqdq dtes64 monitor ds_cpl vmx smx est tm2 ssse3 fma cx16 xtpr pdcm pcid sse4_1 sse4_2 x2apic movbe popcnt tsc_deadline_timer aes xsave avx f16c rdrand lahf_lm abm ida arat epb pln pts dtherm tpr_shadow vnmi flexpriority ept vpid fsgsbase tsc_adjust bmi1 avx2 smep bmi2 erms invpcid xsaveopt
bugs		:
bogomips	: 5187.78
clflush size	: 64
cache_alignment	: 64
address sizes	: 39 bits physical, 48 bits virtual
power management:



Memory: 4k page, physical 8079648k(214760k free), swap 15624188k(15509372k free)

vm_info: Java HotSpot(TM) 64-Bit Server VM (25.101-b13) for linux-amd64 JRE (1.8.0_101-b13), built on Jun 22 2016 02:59:44 by "java_re" with gcc 4.3.0 20080428 (Red Hat 4.3.0-8)

time: Mon Aug  8 14:31:21 2016
elapsed time: 0 seconds (0d 0h 0m 0s)

